2024-01-24 12:38:16,448 INFO E:\TODO-PROJECT\todo_project\account\manager.py changed, reloading. 266
2024-01-24 12:38:16,913 INFO Watching for file changes with StatReloader 668
2024-01-24 12:38:19,316 INFO E:\TODO-PROJECT\todo_project\account\manager.py changed, reloading. 266
2024-01-24 12:38:19,736 INFO Watching for file changes with StatReloader 668
2024-01-24 12:39:34,761 INFO E:\TODO-PROJECT\todo_project\account\manager.py changed, reloading. 266
2024-01-24 12:39:35,223 INFO Watching for file changes with StatReloader 668
2024-01-24 12:41:23,473 INFO E:\TODO-PROJECT\todo_project\account\manager.py changed, reloading. 266
2024-01-24 12:41:23,898 INFO Watching for file changes with StatReloader 668
2024-01-24 12:49:30,806 INFO Watching for file changes with StatReloader 668
2024-01-24 12:49:56,039 INFO E:\TODO-PROJECT\todo_project\account\manager.py changed, reloading. 266
2024-01-24 12:49:56,499 INFO Watching for file changes with StatReloader 668
2024-01-24 12:51:39,571 INFO E:\TODO-PROJECT\todo_project\account\manager.py changed, reloading. 266
2024-01-24 12:51:40,108 INFO Watching for file changes with StatReloader 668
2024-01-24 12:52:22,979 INFO E:\TODO-PROJECT\todo_project\account\manager.py changed, reloading. 266
2024-01-24 12:52:23,454 INFO Watching for file changes with StatReloader 668
2024-01-24 12:52:25,853 INFO E:\TODO-PROJECT\todo_project\account\manager.py changed, reloading. 266
2024-01-24 12:52:26,266 INFO Watching for file changes with StatReloader 668
2024-01-24 12:52:28,679 INFO E:\TODO-PROJECT\todo_project\account\manager.py changed, reloading. 266
2024-01-24 12:52:29,082 INFO Watching for file changes with StatReloader 668
2024-01-24 12:54:14,177 INFO E:\TODO-PROJECT\todo_project\account\manager.py changed, reloading. 266
2024-01-24 12:54:14,599 INFO Watching for file changes with StatReloader 668
2024-01-24 12:54:19,067 INFO E:\TODO-PROJECT\todo_project\account\manager.py changed, reloading. 266
2024-01-24 12:54:19,579 INFO Watching for file changes with StatReloader 668
2024-01-24 13:00:34,497 INFO E:\TODO-PROJECT\todo_project\todo_project\urls.py changed, reloading. 266
2024-01-24 13:00:34,952 INFO Watching for file changes with StatReloader 668
2024-01-24 13:00:36,308 INFO E:\TODO-PROJECT\todo_project\todo_project\urls.py changed, reloading. 266
2024-01-24 13:00:36,721 INFO Watching for file changes with StatReloader 668
2024-01-24 13:00:38,080 INFO E:\TODO-PROJECT\todo_project\todo_project\urls.py changed, reloading. 266
2024-01-24 13:00:38,491 INFO Watching for file changes with StatReloader 668
2024-01-24 13:00:52,183 INFO E:\TODO-PROJECT\todo_project\todo_project\urls.py changed, reloading. 266
2024-01-24 13:00:52,594 INFO Watching for file changes with StatReloader 668
2024-01-24 13:00:53,844 INFO E:\TODO-PROJECT\todo_project\todo_project\urls.py changed, reloading. 266
2024-01-24 13:00:54,354 INFO Watching for file changes with StatReloader 668
2024-01-24 13:01:02,865 INFO E:\TODO-PROJECT\todo_project\todo_project\urls.py changed, reloading. 266
2024-01-24 13:01:03,275 INFO Watching for file changes with StatReloader 668
2024-01-24 13:01:09,821 INFO E:\TODO-PROJECT\todo_project\todo_project\urls.py changed, reloading. 266
2024-01-24 13:01:10,239 INFO Watching for file changes with StatReloader 668
2024-01-24 13:01:11,617 INFO E:\TODO-PROJECT\todo_project\todo_project\urls.py changed, reloading. 266
2024-01-24 13:01:12,053 INFO Watching for file changes with StatReloader 668
2024-01-24 13:02:37,558 INFO E:\TODO-PROJECT\todo_project\todo_project\urls.py changed, reloading. 266
2024-01-24 13:02:37,975 INFO Watching for file changes with StatReloader 668
2024-01-24 13:02:39,318 INFO E:\TODO-PROJECT\todo_project\todo_project\urls.py changed, reloading. 266
2024-01-24 13:02:39,747 INFO Watching for file changes with StatReloader 668
2024-01-24 13:03:06,913 INFO Watching for file changes with StatReloader 668
2024-01-24 13:04:03,609 INFO Watching for file changes with StatReloader 668
2024-01-24 13:04:24,688 INFO E:\TODO-PROJECT\todo_project\account\manager.py changed, reloading. 266
2024-01-24 13:04:25,168 INFO Watching for file changes with StatReloader 668
2024-01-24 13:04:55,607 INFO E:\TODO-PROJECT\todo_project\todo_project\urls.py changed, reloading. 266
2024-01-24 13:04:56,012 INFO Watching for file changes with StatReloader 668
2024-01-24 13:04:59,475 INFO E:\TODO-PROJECT\todo_project\todo_project\urls.py changed, reloading. 266
2024-01-24 13:04:59,879 INFO Watching for file changes with StatReloader 668
2024-01-24 13:05:03,309 INFO E:\TODO-PROJECT\todo_project\todo_project\urls.py changed, reloading. 266
2024-01-24 13:05:03,725 INFO Watching for file changes with StatReloader 668
2024-01-24 13:05:08,088 INFO E:\TODO-PROJECT\todo_project\todo_project\urls.py changed, reloading. 266
2024-01-24 13:05:08,524 INFO Watching for file changes with StatReloader 668
2024-01-24 13:05:09,795 INFO E:\TODO-PROJECT\todo_project\todo_project\urls.py changed, reloading. 266
2024-01-24 13:05:10,207 INFO Watching for file changes with StatReloader 668
2024-01-24 13:05:14,682 INFO E:\TODO-PROJECT\todo_project\todo_project\urls.py changed, reloading. 266
2024-01-24 13:05:15,094 INFO Watching for file changes with StatReloader 668
2024-01-24 13:05:16,342 INFO E:\TODO-PROJECT\todo_project\todo_project\urls.py changed, reloading. 266
2024-01-24 13:05:16,756 INFO Watching for file changes with StatReloader 668
2024-01-24 13:05:22,146 INFO E:\TODO-PROJECT\todo_project\todo_project\urls.py changed, reloading. 266
2024-01-24 13:05:22,567 INFO Watching for file changes with StatReloader 668
2024-01-24 13:06:50,044 INFO E:\TODO-PROJECT\todo_project\account\models.py changed, reloading. 266
2024-01-24 13:06:50,458 INFO Watching for file changes with StatReloader 668
2024-01-24 13:07:12,563 INFO E:\TODO-PROJECT\todo_project\account\models.py changed, reloading. 266
2024-01-24 13:07:12,974 INFO Watching for file changes with StatReloader 668
2024-01-24 13:07:26,791 INFO E:\TODO-PROJECT\todo_project\account\models.py changed, reloading. 266
2024-01-24 13:07:27,192 INFO Watching for file changes with StatReloader 668
2024-01-24 13:07:28,429 INFO E:\TODO-PROJECT\todo_project\account\models.py changed, reloading. 266
2024-01-24 13:07:28,863 INFO Watching for file changes with StatReloader 668
2024-01-24 13:11:54,849 INFO E:\TODO-PROJECT\todo_project\todo_project\settings.py changed, reloading. 266
2024-01-24 13:11:55,279 INFO Watching for file changes with StatReloader 668
2024-01-24 13:12:03,893 INFO E:\TODO-PROJECT\todo_project\todo_project\settings.py changed, reloading. 266
2024-01-24 13:26:39,409 INFO Watching for file changes with StatReloader 668
2024-01-24 13:26:48,059 INFO E:\TODO-PROJECT\todo_project\todo_project\settings.py changed, reloading. 266
2024-01-24 13:26:48,489 INFO Watching for file changes with StatReloader 668
2024-01-24 13:26:51,961 INFO E:\TODO-PROJECT\todo_project\todo_project\settings.py changed, reloading. 266
2024-01-24 13:26:52,424 INFO Watching for file changes with StatReloader 668
2024-01-24 13:26:53,793 INFO E:\TODO-PROJECT\todo_project\todo_project\settings.py changed, reloading. 266
2024-01-24 13:26:54,218 INFO Watching for file changes with StatReloader 668
2024-01-24 13:26:56,627 INFO E:\TODO-PROJECT\todo_project\todo_project\settings.py changed, reloading. 266
2024-01-24 13:26:57,052 INFO Watching for file changes with StatReloader 668
2024-01-24 13:29:51,925 INFO Watching for file changes with StatReloader 668
2024-01-24 14:01:02,005 INFO Watching for file changes with StatReloader 668
2024-01-24 14:02:08,859 INFO E:\TODO-PROJECT\todo_project\todo_project\urls.py changed, reloading. 266
2024-01-24 14:02:09,341 INFO Watching for file changes with StatReloader 668
2024-01-24 14:02:10,598 INFO E:\TODO-PROJECT\todo_project\todo_project\urls.py changed, reloading. 266
2024-01-24 14:02:11,067 INFO Watching for file changes with StatReloader 668
2024-01-24 14:02:12,460 INFO E:\TODO-PROJECT\todo_project\todo_project\urls.py changed, reloading. 266
2024-01-24 14:02:12,961 INFO Watching for file changes with StatReloader 668
2024-01-24 14:02:25,618 INFO E:\TODO-PROJECT\todo_project\todo_project\urls.py changed, reloading. 266
2024-01-24 14:02:26,125 INFO Watching for file changes with StatReloader 668
2024-01-24 14:02:31,698 INFO E:\TODO-PROJECT\todo_project\todo_project\urls.py changed, reloading. 266
2024-01-24 14:02:32,167 INFO Watching for file changes with StatReloader 668
2024-01-24 14:02:38,767 INFO E:\TODO-PROJECT\todo_project\todo_project\urls.py changed, reloading. 266
2024-01-24 14:02:39,189 INFO Watching for file changes with StatReloader 668
2024-01-24 14:02:41,647 INFO E:\TODO-PROJECT\todo_project\todo_project\urls.py changed, reloading. 266
2024-01-24 14:02:42,092 INFO Watching for file changes with StatReloader 668
2024-01-24 14:03:01,161 INFO E:\TODO-PROJECT\todo_project\todo_project\urls.py changed, reloading. 266
2024-01-24 14:03:01,716 INFO Watching for file changes with StatReloader 668
2024-01-24 14:03:13,347 INFO E:\TODO-PROJECT\todo_project\todo_project\urls.py changed, reloading. 266
2024-01-24 14:03:13,769 INFO Watching for file changes with StatReloader 668
2024-01-24 14:03:15,014 INFO E:\TODO-PROJECT\todo_project\todo_project\urls.py changed, reloading. 266
2024-01-24 14:03:15,433 INFO Watching for file changes with StatReloader 668
2024-01-24 14:03:17,735 INFO E:\TODO-PROJECT\todo_project\todo_project\urls.py changed, reloading. 266
2024-01-24 14:03:18,177 INFO Watching for file changes with StatReloader 668
2024-01-24 14:03:20,474 INFO E:\TODO-PROJECT\todo_project\todo_project\urls.py changed, reloading. 266
2024-01-24 14:03:20,934 INFO Watching for file changes with StatReloader 668
2024-01-24 14:03:27,381 INFO E:\TODO-PROJECT\todo_project\todo_project\urls.py changed, reloading. 266
2024-01-24 14:03:27,828 INFO Watching for file changes with StatReloader 668
2024-01-24 14:03:29,085 INFO E:\TODO-PROJECT\todo_project\todo_project\urls.py changed, reloading. 266
2024-01-24 14:03:29,509 INFO Watching for file changes with StatReloader 668
2024-01-24 14:03:35,940 INFO E:\TODO-PROJECT\todo_project\todo_project\urls.py changed, reloading. 266
2024-01-24 14:03:36,414 INFO Watching for file changes with StatReloader 668
2024-01-24 14:03:40,777 INFO E:\TODO-PROJECT\todo_project\todo_project\urls.py changed, reloading. 266
2024-01-24 14:03:41,284 INFO Watching for file changes with StatReloader 668
2024-01-24 14:03:42,556 INFO E:\TODO-PROJECT\todo_project\todo_project\urls.py changed, reloading. 266
2024-01-24 14:03:43,076 INFO Watching for file changes with StatReloader 668
2024-01-24 14:03:48,476 INFO E:\TODO-PROJECT\todo_project\todo_project\urls.py changed, reloading. 266
2024-01-24 14:03:48,918 INFO Watching for file changes with StatReloader 668
2024-01-24 14:03:54,318 INFO E:\TODO-PROJECT\todo_project\todo_project\urls.py changed, reloading. 266
2024-01-24 14:03:54,827 INFO Watching for file changes with StatReloader 668
2024-01-24 14:05:00,375 INFO E:\TODO-PROJECT\todo_project\todo_project\urls.py changed, reloading. 266
2024-01-24 14:05:00,819 INFO Watching for file changes with StatReloader 668
2024-01-24 14:05:05,228 INFO E:\TODO-PROJECT\todo_project\todo_project\urls.py changed, reloading. 266
2024-01-24 14:05:05,649 INFO Watching for file changes with StatReloader 668
2024-01-24 14:05:08,980 INFO E:\TODO-PROJECT\todo_project\todo_project\urls.py changed, reloading. 266
2024-01-24 14:05:09,487 INFO Watching for file changes with StatReloader 668
2024-01-24 14:05:18,001 INFO E:\TODO-PROJECT\todo_project\todo_project\urls.py changed, reloading. 266
2024-01-24 14:05:18,413 INFO Watching for file changes with StatReloader 668
2024-01-24 14:05:24,873 INFO E:\TODO-PROJECT\todo_project\todo_project\urls.py changed, reloading. 266
2024-01-24 14:05:25,301 INFO Watching for file changes with StatReloader 668
2024-01-24 14:05:26,562 INFO E:\TODO-PROJECT\todo_project\todo_project\urls.py changed, reloading. 266
2024-01-24 14:05:27,040 INFO Watching for file changes with StatReloader 668
2024-01-24 14:09:40,095 INFO Watching for file changes with StatReloader 668
2024-01-24 14:11:10,033 WARNING Forbidden: /register/ 241
2024-01-24 14:11:10,033 WARNING "POST /register/ HTTP/1.1" 403 39 212
2024-01-24 14:11:21,857 WARNING Forbidden: /register/ 241
2024-01-24 14:11:21,858 WARNING "POST /register/ HTTP/1.1" 403 39 212
2024-01-24 14:12:35,278 INFO E:\TODO-PROJECT\todo_project\account\views.py changed, reloading. 266
2024-01-24 14:12:35,750 INFO Watching for file changes with StatReloader 668
2024-01-24 14:12:37,014 INFO E:\TODO-PROJECT\todo_project\account\views.py changed, reloading. 266
2024-01-24 14:12:37,466 INFO Watching for file changes with StatReloader 668
2024-01-24 14:12:38,911 INFO E:\TODO-PROJECT\todo_project\account\views.py changed, reloading. 266
2024-01-24 14:12:39,341 INFO Watching for file changes with StatReloader 668
2024-01-24 14:14:22,797 WARNING Forbidden: /register/ 241
2024-01-24 14:14:22,799 WARNING "POST /register/ HTTP/1.1" 403 39 212
2024-01-24 14:14:25,340 WARNING Forbidden: /register/ 241
2024-01-24 14:14:25,341 WARNING "POST /register/ HTTP/1.1" 403 39 212
2024-01-24 14:14:46,151 INFO Watching for file changes with StatReloader 668
2024-01-24 14:15:20,033 WARNING Forbidden: /register/ 241
2024-01-24 14:15:20,033 WARNING "POST /register/ HTTP/1.1" 403 39 212
2024-01-24 14:17:36,027 INFO Watching for file changes with StatReloader 668
2024-01-24 14:17:41,876 WARNING Forbidden: /register/ 241
2024-01-24 14:17:41,876 WARNING "POST /register/ HTTP/1.1" 403 39 212
2024-01-24 14:19:16,256 INFO E:\TODO-PROJECT\todo_project\account\views.py changed, reloading. 266
2024-01-24 14:19:16,681 INFO Watching for file changes with StatReloader 668
2024-01-24 14:19:18,111 INFO E:\TODO-PROJECT\todo_project\account\views.py changed, reloading. 266
2024-01-24 14:19:18,544 INFO Watching for file changes with StatReloader 668
2024-01-24 14:21:06,952 INFO E:\TODO-PROJECT\todo_project\account\views.py changed, reloading. 266
2024-01-24 14:21:07,394 INFO Watching for file changes with StatReloader 668
2024-01-24 14:21:30,424 INFO E:\TODO-PROJECT\todo_project\account\views.py changed, reloading. 266
2024-01-24 14:21:30,865 INFO Watching for file changes with StatReloader 668
2024-01-24 14:21:37,483 INFO E:\TODO-PROJECT\todo_project\account\views.py changed, reloading. 266
2024-01-24 14:21:37,926 INFO Watching for file changes with StatReloader 668
2024-01-24 14:21:43,338 INFO E:\TODO-PROJECT\todo_project\account\views.py changed, reloading. 266
2024-01-24 14:21:43,790 INFO Watching for file changes with StatReloader 668
2024-01-24 14:22:37,434 WARNING Forbidden: /register/ 241
2024-01-24 14:22:37,434 WARNING "POST /register/ HTTP/1.1" 403 39 212
2024-01-24 14:22:39,654 WARNING Forbidden: /register/ 241
2024-01-24 14:22:39,654 WARNING "POST /register/ HTTP/1.1" 403 39 212
2024-01-24 14:23:02,221 INFO E:\TODO-PROJECT\todo_project\account\views.py changed, reloading. 266
2024-01-24 14:23:02,682 INFO Watching for file changes with StatReloader 668
2024-01-24 14:23:07,046 INFO E:\TODO-PROJECT\todo_project\account\views.py changed, reloading. 266
2024-01-24 14:23:07,504 INFO Watching for file changes with StatReloader 668
2024-01-24 14:23:18,269 INFO E:\TODO-PROJECT\todo_project\account\views.py changed, reloading. 266
2024-01-24 14:23:18,729 INFO Watching for file changes with StatReloader 668
2024-01-24 14:23:20,157 INFO E:\TODO-PROJECT\todo_project\account\views.py changed, reloading. 266
2024-01-24 14:23:20,635 INFO Watching for file changes with StatReloader 668
2024-01-24 14:25:01,403 INFO E:\TODO-PROJECT\todo_project\account\views.py changed, reloading. 266
2024-01-24 14:25:01,869 INFO Watching for file changes with StatReloader 668
2024-01-24 14:37:46,865 INFO E:\TODO-PROJECT\todo_project\todo_project\urls.py changed, reloading. 266
2024-01-24 14:37:47,400 INFO Watching for file changes with StatReloader 668
2024-01-24 14:37:56,955 INFO E:\TODO-PROJECT\todo_project\todo_project\urls.py changed, reloading. 266
2024-01-24 14:37:57,404 INFO Watching for file changes with StatReloader 668
2024-01-24 14:38:01,912 INFO E:\TODO-PROJECT\todo_project\todo_project\urls.py changed, reloading. 266
2024-01-24 14:38:02,362 INFO Watching for file changes with StatReloader 668
2024-01-24 14:38:08,984 INFO E:\TODO-PROJECT\todo_project\todo_project\urls.py changed, reloading. 266
2024-01-24 14:38:09,412 INFO Watching for file changes with StatReloader 668
2024-01-24 14:38:15,832 INFO E:\TODO-PROJECT\todo_project\todo_project\urls.py changed, reloading. 266
2024-01-24 14:38:16,247 INFO Watching for file changes with StatReloader 668
2024-01-24 14:38:18,666 INFO E:\TODO-PROJECT\todo_project\todo_project\urls.py changed, reloading. 266
2024-01-24 14:38:19,087 INFO Watching for file changes with StatReloader 668
2024-01-24 14:38:21,502 INFO E:\TODO-PROJECT\todo_project\todo_project\urls.py changed, reloading. 266
2024-01-24 14:38:21,908 INFO Watching for file changes with StatReloader 668
2024-01-24 14:38:25,354 INFO E:\TODO-PROJECT\todo_project\todo_project\urls.py changed, reloading. 266
2024-01-24 14:38:25,775 INFO Watching for file changes with StatReloader 668
2024-01-24 14:38:27,171 INFO E:\TODO-PROJECT\todo_project\todo_project\urls.py changed, reloading. 266
2024-01-24 14:38:27,601 INFO Watching for file changes with StatReloader 668
2024-01-24 14:38:31,069 INFO E:\TODO-PROJECT\todo_project\todo_project\urls.py changed, reloading. 266
2024-01-24 14:38:31,503 INFO Watching for file changes with StatReloader 668
2024-01-24 14:38:47,169 WARNING Forbidden: /register/ 241
2024-01-24 14:38:47,169 WARNING "POST /register/ HTTP/1.1" 403 39 212
2024-01-24 14:59:30,470 INFO E:\TODO-PROJECT\todo_project\account\urls.py changed, reloading. 266
2024-01-24 14:59:31,482 INFO Watching for file changes with StatReloader 668
2024-01-24 14:59:34,130 INFO E:\TODO-PROJECT\todo_project\account\urls.py changed, reloading. 266
2024-01-24 14:59:34,980 INFO Watching for file changes with StatReloader 668
2024-01-24 14:59:38,596 INFO E:\TODO-PROJECT\todo_project\account\urls.py changed, reloading. 266
2024-01-24 14:59:39,756 INFO Watching for file changes with StatReloader 668
2024-01-24 14:59:55,177 INFO E:\TODO-PROJECT\todo_project\account\urls.py changed, reloading. 266
2024-01-24 14:59:56,253 INFO Watching for file changes with StatReloader 668
2024-01-24 15:00:44,053 INFO E:\TODO-PROJECT\todo_project\account\urls.py changed, reloading. 266
2024-01-24 15:00:44,908 INFO Watching for file changes with StatReloader 668
2024-01-24 15:00:47,535 INFO E:\TODO-PROJECT\todo_project\account\urls.py changed, reloading. 266
2024-01-24 15:00:48,385 INFO Watching for file changes with StatReloader 668
2024-01-24 15:01:49,998 INFO E:\TODO-PROJECT\todo_project\account\urls.py changed, reloading. 266
2024-01-24 15:01:50,911 INFO Watching for file changes with StatReloader 668
2024-01-24 15:01:53,798 INFO E:\TODO-PROJECT\todo_project\account\urls.py changed, reloading. 266
2024-01-24 15:01:54,866 INFO Watching for file changes with StatReloader 668
2024-01-24 15:02:04,958 INFO E:\TODO-PROJECT\todo_project\account\urls.py changed, reloading. 266
2024-01-24 15:02:05,815 INFO Watching for file changes with StatReloader 668
2024-01-24 15:02:07,370 INFO E:\TODO-PROJECT\todo_project\account\urls.py changed, reloading. 266
2024-01-24 15:02:08,473 INFO Watching for file changes with StatReloader 668
2024-01-24 15:02:17,514 INFO E:\TODO-PROJECT\todo_project\account\urls.py changed, reloading. 266
2024-01-24 15:02:18,383 INFO Watching for file changes with StatReloader 668
2024-01-24 15:02:36,107 INFO E:\TODO-PROJECT\todo_project\account\urls.py changed, reloading. 266
2024-01-24 15:02:37,050 INFO Watching for file changes with StatReloader 668
2024-01-24 15:02:40,670 INFO E:\TODO-PROJECT\todo_project\account\urls.py changed, reloading. 266
2024-01-24 15:02:41,550 INFO Watching for file changes with StatReloader 668
2024-01-24 15:02:44,137 INFO E:\TODO-PROJECT\todo_project\account\urls.py changed, reloading. 266
2024-01-24 15:02:45,012 INFO Watching for file changes with StatReloader 668
2024-01-24 15:02:47,617 INFO E:\TODO-PROJECT\todo_project\account\urls.py changed, reloading. 266
2024-01-24 15:02:48,651 INFO Watching for file changes with StatReloader 668
2024-01-24 15:03:31,683 INFO Watching for file changes with StatReloader 668
2024-01-24 15:04:47,512 INFO E:\TODO-PROJECT\todo_project\account\urls.py changed, reloading. 266
2024-01-24 15:04:48,349 INFO Watching for file changes with StatReloader 668
2024-01-24 15:04:50,935 INFO E:\TODO-PROJECT\todo_project\account\urls.py changed, reloading. 266
2024-01-24 15:04:51,851 INFO Watching for file changes with StatReloader 668
2024-01-24 15:04:53,400 INFO E:\TODO-PROJECT\todo_project\account\urls.py changed, reloading. 266
2024-01-24 15:04:54,247 INFO Watching for file changes with StatReloader 668
2024-01-24 15:05:06,934 INFO E:\TODO-PROJECT\todo_project\account\urls.py changed, reloading. 266
2024-01-24 15:05:07,864 INFO Watching for file changes with StatReloader 668
2024-01-24 15:05:16,948 WARNING Forbidden: /register/ 241
2024-01-24 15:05:16,948 WARNING "POST /register/ HTTP/1.1" 403 39 212
2024-01-24 15:05:20,283 WARNING Forbidden: /register/ 241
2024-01-24 15:05:20,283 WARNING "POST /register/ HTTP/1.1" 403 39 212
2024-01-24 15:06:35,226 INFO E:\TODO-PROJECT\todo_project\account\views.py changed, reloading. 266
2024-01-24 15:06:36,133 INFO Watching for file changes with StatReloader 668
2024-01-24 15:15:16,911 INFO E:\TODO-PROJECT\todo_project\account\views.py changed, reloading. 266
2024-01-24 15:15:17,879 INFO Watching for file changes with StatReloader 668
2024-01-24 15:16:51,764 WARNING Forbidden: /register/ 241
2024-01-24 15:16:51,767 WARNING "POST /register/ HTTP/1.1" 403 39 212
2024-01-24 15:17:12,745 WARNING Forbidden: /register/ 241
2024-01-24 15:17:12,745 WARNING "POST /register/ HTTP/1.1" 403 39 212
2024-01-24 15:17:26,160 WARNING Not Found: / 241
2024-01-24 15:17:26,160 WARNING "GET / HTTP/1.1" 404 2238 212
2024-01-24 15:17:26,328 WARNING Not Found: /favicon.ico 241
2024-01-24 15:17:26,328 WARNING "GET /favicon.ico HTTP/1.1" 404 2289 212
2024-01-24 15:18:20,357 WARNING Forbidden: /register/ 241
2024-01-24 15:18:20,357 WARNING "POST /register/ HTTP/1.1" 403 39 212
2024-01-24 15:18:31,306 WARNING Forbidden: /register/ 241
2024-01-24 15:18:31,306 WARNING "POST /register/ HTTP/1.1" 403 39 212
2024-01-24 15:28:06,474 INFO Watching for file changes with StatReloader 668
2024-01-24 15:28:12,314 ERROR Internal Server Error: /register/ 241
Traceback (most recent call last):
  File "C:\Users\N I T R O 5\AppData\Local\Programs\Python\Python312\Lib\site-packages\django\core\handlers\exception.py", line 55, in inner
    response = get_response(request)
               ^^^^^^^^^^^^^^^^^^^^^
  File "C:\Users\N I T R O 5\AppData\Local\Programs\Python\Python312\Lib\site-packages\django\core\handlers\base.py", line 197, in _get_response
    response = wrapped_callback(request, *callback_args, **callback_kwargs)
               ^^^^^^^^^^^^^^^^^^^^^^^^^^^^^^^^^^^^^^^^^^^^^^^^^^^^^^^^^^^^
  File "C:\Users\N I T R O 5\AppData\Local\Programs\Python\Python312\Lib\site-packages\django\views\decorators\csrf.py", line 56, in wrapper_view
    return view_func(*args, **kwargs)
           ^^^^^^^^^^^^^^^^^^^^^^^^^^
  File "C:\Users\N I T R O 5\AppData\Local\Programs\Python\Python312\Lib\site-packages\django\views\generic\base.py", line 104, in view
    return self.dispatch(request, *args, **kwargs)
           ^^^^^^^^^^^^^^^^^^^^^^^^^^^^^^^^^^^^^^^
  File "C:\Users\N I T R O 5\AppData\Local\Programs\Python\Python312\Lib\site-packages\rest_framework\views.py", line 511, in dispatch
    self.response = self.finalize_response(request, response, *args, **kwargs)
                    ^^^^^^^^^^^^^^^^^^^^^^^^^^^^^^^^^^^^^^^^^^^^^^^^^^^^^^^^^^
  File "C:\Users\N I T R O 5\AppData\Local\Programs\Python\Python312\Lib\site-packages\rest_framework\views.py", line 423, in finalize_response
    assert isinstance(response, HttpResponseBase), (
AssertionError: Expected a `Response`, `HttpResponse` or `HttpStreamingResponse` to be returned from the view, but received a `<class 'NoneType'>`
2024-01-24 15:28:12,314 ERROR "POST /register/ HTTP/1.1" 500 78997 212
2024-01-24 15:28:18,332 ERROR Internal Server Error: /register/ 241
Traceback (most recent call last):
  File "C:\Users\N I T R O 5\AppData\Local\Programs\Python\Python312\Lib\site-packages\django\core\handlers\exception.py", line 55, in inner
    response = get_response(request)
               ^^^^^^^^^^^^^^^^^^^^^
  File "C:\Users\N I T R O 5\AppData\Local\Programs\Python\Python312\Lib\site-packages\django\core\handlers\base.py", line 197, in _get_response
    response = wrapped_callback(request, *callback_args, **callback_kwargs)
               ^^^^^^^^^^^^^^^^^^^^^^^^^^^^^^^^^^^^^^^^^^^^^^^^^^^^^^^^^^^^
  File "C:\Users\N I T R O 5\AppData\Local\Programs\Python\Python312\Lib\site-packages\django\views\decorators\csrf.py", line 56, in wrapper_view
    return view_func(*args, **kwargs)
           ^^^^^^^^^^^^^^^^^^^^^^^^^^
  File "C:\Users\N I T R O 5\AppData\Local\Programs\Python\Python312\Lib\site-packages\django\views\generic\base.py", line 104, in view
    return self.dispatch(request, *args, **kwargs)
           ^^^^^^^^^^^^^^^^^^^^^^^^^^^^^^^^^^^^^^^
  File "C:\Users\N I T R O 5\AppData\Local\Programs\Python\Python312\Lib\site-packages\rest_framework\views.py", line 511, in dispatch
    self.response = self.finalize_response(request, response, *args, **kwargs)
                    ^^^^^^^^^^^^^^^^^^^^^^^^^^^^^^^^^^^^^^^^^^^^^^^^^^^^^^^^^^
  File "C:\Users\N I T R O 5\AppData\Local\Programs\Python\Python312\Lib\site-packages\rest_framework\views.py", line 423, in finalize_response
    assert isinstance(response, HttpResponseBase), (
AssertionError: Expected a `Response`, `HttpResponse` or `HttpStreamingResponse` to be returned from the view, but received a `<class 'NoneType'>`
2024-01-24 15:28:18,332 ERROR "POST /register/ HTTP/1.1" 500 78997 212
2024-01-24 15:28:38,394 INFO "POST /register/ HTTP/1.1" 200 105 212
2024-01-24 15:32:56,390 INFO E:\TODO-PROJECT\todo_project\todo_project\settings.py changed, reloading. 266
2024-01-24 15:32:57,240 INFO Watching for file changes with StatReloader 668
2024-01-24 15:33:01,207 INFO E:\TODO-PROJECT\todo_project\todo_project\settings.py changed, reloading. 266
2024-01-24 15:33:02,194 INFO Watching for file changes with StatReloader 668
2024-01-24 15:35:34,451 INFO E:\TODO-PROJECT\todo_project\account\views.py changed, reloading. 266
2024-01-24 15:35:35,468 INFO Watching for file changes with StatReloader 668
2024-01-24 15:35:37,539 INFO E:\TODO-PROJECT\todo_project\account\views.py changed, reloading. 266
2024-01-24 15:35:38,459 INFO Watching for file changes with StatReloader 668
2024-01-24 15:35:42,085 INFO E:\TODO-PROJECT\todo_project\account\views.py changed, reloading. 266
2024-01-24 15:35:43,251 INFO Watching for file changes with StatReloader 668
2024-01-24 15:35:45,815 INFO E:\TODO-PROJECT\todo_project\account\views.py changed, reloading. 266
2024-01-24 15:35:46,732 INFO Watching for file changes with StatReloader 668
2024-01-24 15:35:48,177 INFO E:\TODO-PROJECT\todo_project\account\views.py changed, reloading. 266
2024-01-24 15:35:49,348 INFO Watching for file changes with StatReloader 668
2024-01-24 15:36:04,149 INFO E:\TODO-PROJECT\todo_project\account\views.py changed, reloading. 266
2024-01-24 15:36:05,251 INFO Watching for file changes with StatReloader 668
2024-01-24 15:36:10,302 INFO E:\TODO-PROJECT\todo_project\account\views.py changed, reloading. 266
2024-01-24 15:36:11,164 INFO Watching for file changes with StatReloader 668
2024-01-24 15:36:13,002 INFO E:\TODO-PROJECT\todo_project\account\views.py changed, reloading. 266
2024-01-24 15:36:13,794 INFO Watching for file changes with StatReloader 668
2024-01-24 15:36:17,815 INFO E:\TODO-PROJECT\todo_project\account\views.py changed, reloading. 266
2024-01-24 15:36:18,802 INFO Watching for file changes with StatReloader 668
2024-01-24 15:36:26,035 INFO E:\TODO-PROJECT\todo_project\account\views.py changed, reloading. 266
2024-01-24 15:36:26,967 INFO Watching for file changes with StatReloader 668
2024-01-24 15:36:29,894 INFO E:\TODO-PROJECT\todo_project\account\views.py changed, reloading. 266
2024-01-24 15:36:30,732 INFO Watching for file changes with StatReloader 668
2024-01-24 15:36:36,841 INFO E:\TODO-PROJECT\todo_project\account\views.py changed, reloading. 266
2024-01-24 15:36:37,963 INFO Watching for file changes with StatReloader 668
2024-01-24 15:36:45,198 INFO E:\TODO-PROJECT\todo_project\account\views.py changed, reloading. 266
2024-01-24 15:36:45,938 INFO Watching for file changes with StatReloader 668
2024-01-24 15:36:50,998 INFO E:\TODO-PROJECT\todo_project\account\views.py changed, reloading. 266
2024-01-24 15:36:51,884 INFO Watching for file changes with StatReloader 668
2024-01-24 15:37:00,120 INFO E:\TODO-PROJECT\todo_project\account\views.py changed, reloading. 266
2024-01-24 15:37:00,923 INFO Watching for file changes with StatReloader 668
2024-01-24 15:37:06,681 INFO E:\TODO-PROJECT\todo_project\account\views.py changed, reloading. 266
2024-01-24 15:37:07,776 INFO Watching for file changes with StatReloader 668
2024-01-24 15:37:51,801 INFO E:\TODO-PROJECT\todo_project\account\emails.py changed, reloading. 266
2024-01-24 15:37:52,962 INFO Watching for file changes with StatReloader 668
2024-01-24 15:37:57,814 INFO E:\TODO-PROJECT\todo_project\account\emails.py changed, reloading. 266
2024-01-24 15:37:58,788 INFO Watching for file changes with StatReloader 668
2024-01-24 15:38:00,370 INFO E:\TODO-PROJECT\todo_project\account\emails.py changed, reloading. 266
2024-01-24 15:38:01,200 INFO Watching for file changes with StatReloader 668
2024-01-24 15:38:06,953 INFO E:\TODO-PROJECT\todo_project\account\emails.py changed, reloading. 266
2024-01-24 15:38:07,879 INFO Watching for file changes with StatReloader 668
2024-01-24 15:38:12,585 INFO E:\TODO-PROJECT\todo_project\account\emails.py changed, reloading. 266
2024-01-24 15:38:13,633 INFO Watching for file changes with StatReloader 668
2024-01-24 15:38:21,691 INFO E:\TODO-PROJECT\todo_project\account\emails.py changed, reloading. 266
2024-01-24 15:38:22,823 INFO Watching for file changes with StatReloader 668
2024-01-24 15:38:30,134 INFO E:\TODO-PROJECT\todo_project\account\emails.py changed, reloading. 266
2024-01-24 15:38:31,093 INFO Watching for file changes with StatReloader 668
2024-01-24 15:38:36,940 INFO E:\TODO-PROJECT\todo_project\account\emails.py changed, reloading. 266
2024-01-24 15:38:38,104 INFO Watching for file changes with StatReloader 668
2024-01-24 15:38:39,906 INFO E:\TODO-PROJECT\todo_project\account\emails.py changed, reloading. 266
2024-01-24 15:38:40,681 INFO Watching for file changes with StatReloader 668
2024-01-24 15:38:47,871 INFO E:\TODO-PROJECT\todo_project\account\emails.py changed, reloading. 266
2024-01-24 15:38:48,975 INFO Watching for file changes with StatReloader 668
2024-01-24 15:38:56,926 INFO E:\TODO-PROJECT\todo_project\account\emails.py changed, reloading. 266
2024-01-24 15:38:57,905 INFO Watching for file changes with StatReloader 668
2024-01-24 15:39:02,586 INFO E:\TODO-PROJECT\todo_project\account\emails.py changed, reloading. 266
2024-01-24 15:39:03,493 INFO Watching for file changes with StatReloader 668
2024-01-24 15:39:06,168 INFO E:\TODO-PROJECT\todo_project\account\emails.py changed, reloading. 266
2024-01-24 15:39:06,967 INFO Watching for file changes with StatReloader 668
2024-01-24 15:39:10,852 INFO E:\TODO-PROJECT\todo_project\account\emails.py changed, reloading. 266
2024-01-24 15:39:11,950 INFO Watching for file changes with StatReloader 668
2024-01-24 15:39:21,308 INFO E:\TODO-PROJECT\todo_project\account\emails.py changed, reloading. 266
2024-01-24 15:39:22,243 INFO Watching for file changes with StatReloader 668
2024-01-24 15:39:29,183 INFO E:\TODO-PROJECT\todo_project\account\emails.py changed, reloading. 266
2024-01-24 15:39:30,290 INFO Watching for file changes with StatReloader 668
2024-01-24 15:39:31,787 INFO E:\TODO-PROJECT\todo_project\account\emails.py changed, reloading. 266
2024-01-24 15:39:32,711 INFO Watching for file changes with StatReloader 668
2024-01-24 15:39:34,211 INFO E:\TODO-PROJECT\todo_project\account\emails.py changed, reloading. 266
2024-01-24 15:39:35,064 INFO Watching for file changes with StatReloader 668
2024-01-24 15:39:41,205 INFO E:\TODO-PROJECT\todo_project\account\emails.py changed, reloading. 266
2024-01-24 15:39:42,265 INFO Watching for file changes with StatReloader 668
2024-01-24 15:39:48,057 INFO E:\TODO-PROJECT\todo_project\account\emails.py changed, reloading. 266
2024-01-24 15:39:49,091 INFO Watching for file changes with StatReloader 668
2024-01-24 15:39:50,537 INFO E:\TODO-PROJECT\todo_project\account\emails.py changed, reloading. 266
2024-01-24 15:39:51,418 INFO Watching for file changes with StatReloader 668
2024-01-24 15:39:53,994 INFO E:\TODO-PROJECT\todo_project\account\emails.py changed, reloading. 266
2024-01-24 15:39:54,863 INFO Watching for file changes with StatReloader 668
2024-01-24 15:39:57,497 INFO E:\TODO-PROJECT\todo_project\account\emails.py changed, reloading. 266
2024-01-24 15:39:58,568 INFO Watching for file changes with StatReloader 668
2024-01-24 15:40:04,336 INFO E:\TODO-PROJECT\todo_project\account\emails.py changed, reloading. 266
2024-01-24 15:40:05,161 INFO Watching for file changes with StatReloader 668
2024-01-24 15:40:12,026 INFO E:\TODO-PROJECT\todo_project\account\emails.py changed, reloading. 266
2024-01-24 15:40:12,772 INFO Watching for file changes with StatReloader 668
2024-01-24 15:40:18,646 INFO E:\TODO-PROJECT\todo_project\account\emails.py changed, reloading. 266
2024-01-24 15:40:19,672 INFO Watching for file changes with StatReloader 668
2024-01-24 15:40:24,437 INFO E:\TODO-PROJECT\todo_project\account\emails.py changed, reloading. 266
2024-01-24 15:40:25,337 INFO Watching for file changes with StatReloader 668
2024-01-24 15:40:27,212 INFO E:\TODO-PROJECT\todo_project\account\emails.py changed, reloading. 266
2024-01-24 15:40:28,256 INFO Watching for file changes with StatReloader 668
2024-01-24 15:40:33,322 INFO E:\TODO-PROJECT\todo_project\account\emails.py changed, reloading. 266
2024-01-24 15:40:34,158 INFO Watching for file changes with StatReloader 668
2024-01-24 15:40:37,778 INFO E:\TODO-PROJECT\todo_project\account\emails.py changed, reloading. 266
2024-01-24 15:40:38,847 INFO Watching for file changes with StatReloader 668
2024-01-24 15:40:42,767 INFO E:\TODO-PROJECT\todo_project\account\emails.py changed, reloading. 266
2024-01-24 15:40:43,889 INFO Watching for file changes with StatReloader 668
2024-01-24 15:40:50,996 INFO E:\TODO-PROJECT\todo_project\account\emails.py changed, reloading. 266
2024-01-24 15:40:51,833 INFO Watching for file changes with StatReloader 668
2024-01-24 15:41:14,068 INFO E:\TODO-PROJECT\todo_project\account\emails.py changed, reloading. 266
2024-01-24 15:41:15,002 INFO Watching for file changes with StatReloader 668
2024-01-24 15:41:17,978 INFO E:\TODO-PROJECT\todo_project\account\emails.py changed, reloading. 266
2024-01-24 15:41:19,047 INFO Watching for file changes with StatReloader 668
2024-01-24 15:41:24,070 INFO E:\TODO-PROJECT\todo_project\account\emails.py changed, reloading. 266
2024-01-24 15:41:24,987 INFO Watching for file changes with StatReloader 668
2024-01-24 15:41:27,966 INFO E:\TODO-PROJECT\todo_project\account\emails.py changed, reloading. 266
2024-01-24 15:41:28,933 INFO Watching for file changes with StatReloader 668
2024-01-24 15:41:30,719 INFO E:\TODO-PROJECT\todo_project\account\emails.py changed, reloading. 266
2024-01-24 15:41:31,512 INFO Watching for file changes with StatReloader 668
2024-01-24 15:41:36,544 INFO E:\TODO-PROJECT\todo_project\account\emails.py changed, reloading. 266
2024-01-24 15:41:37,324 INFO Watching for file changes with StatReloader 668
2024-01-24 15:41:45,635 INFO E:\TODO-PROJECT\todo_project\account\emails.py changed, reloading. 266
2024-01-24 15:41:46,750 INFO Watching for file changes with StatReloader 668
2024-01-24 15:41:55,074 INFO E:\TODO-PROJECT\todo_project\account\emails.py changed, reloading. 266
2024-01-24 15:41:56,155 INFO Watching for file changes with StatReloader 668
2024-01-24 15:41:59,772 INFO E:\TODO-PROJECT\todo_project\account\emails.py changed, reloading. 266
2024-01-24 15:42:00,668 INFO Watching for file changes with StatReloader 668
2024-01-24 15:42:06,845 INFO E:\TODO-PROJECT\todo_project\account\emails.py changed, reloading. 266
2024-01-24 15:42:07,905 INFO Watching for file changes with StatReloader 668
2024-01-24 15:42:11,838 INFO E:\TODO-PROJECT\todo_project\account\emails.py changed, reloading. 266
2024-01-24 15:42:12,852 INFO Watching for file changes with StatReloader 668
2024-01-24 15:42:17,904 INFO E:\TODO-PROJECT\todo_project\account\emails.py changed, reloading. 266
2024-01-24 15:42:18,822 INFO Watching for file changes with StatReloader 668
2024-01-24 15:42:28,166 INFO E:\TODO-PROJECT\todo_project\account\emails.py changed, reloading. 266
2024-01-24 15:42:29,224 INFO Watching for file changes with StatReloader 668
2024-01-24 15:42:34,247 INFO E:\TODO-PROJECT\todo_project\account\emails.py changed, reloading. 266
2024-01-24 15:42:35,393 INFO Watching for file changes with StatReloader 668
2024-01-24 15:42:37,189 INFO E:\TODO-PROJECT\todo_project\account\emails.py changed, reloading. 266
2024-01-24 15:42:38,250 INFO Watching for file changes with StatReloader 668
2024-01-24 15:42:44,384 INFO E:\TODO-PROJECT\todo_project\account\emails.py changed, reloading. 266
2024-01-24 15:42:45,307 INFO Watching for file changes with StatReloader 668
2024-01-24 15:42:55,384 INFO E:\TODO-PROJECT\todo_project\account\emails.py changed, reloading. 266
2024-01-24 15:42:56,368 INFO Watching for file changes with StatReloader 668
2024-01-24 15:43:00,304 INFO E:\TODO-PROJECT\todo_project\account\emails.py changed, reloading. 266
2024-01-24 15:43:01,203 INFO Watching for file changes with StatReloader 668
2024-01-24 15:43:03,030 INFO E:\TODO-PROJECT\todo_project\account\emails.py changed, reloading. 266
2024-01-24 15:43:03,918 INFO Watching for file changes with StatReloader 668
2024-01-24 15:43:06,811 INFO E:\TODO-PROJECT\todo_project\account\emails.py changed, reloading. 266
2024-01-24 15:43:07,628 INFO Watching for file changes with StatReloader 668
2024-01-24 15:43:12,828 INFO E:\TODO-PROJECT\todo_project\account\emails.py changed, reloading. 266
2024-01-24 15:43:13,671 INFO Watching for file changes with StatReloader 668
2024-01-24 15:43:17,606 INFO E:\TODO-PROJECT\todo_project\account\emails.py changed, reloading. 266
2024-01-24 15:43:18,716 INFO Watching for file changes with StatReloader 668
2024-01-24 15:43:26,967 INFO E:\TODO-PROJECT\todo_project\account\emails.py changed, reloading. 266
2024-01-24 15:43:28,133 INFO Watching for file changes with StatReloader 668
2024-01-24 15:43:32,126 INFO E:\TODO-PROJECT\todo_project\account\emails.py changed, reloading. 266
2024-01-24 15:43:32,974 INFO Watching for file changes with StatReloader 668
2024-01-24 15:43:34,830 INFO E:\TODO-PROJECT\todo_project\account\emails.py changed, reloading. 266
2024-01-24 15:43:35,648 INFO Watching for file changes with StatReloader 668
2024-01-24 15:43:40,729 INFO E:\TODO-PROJECT\todo_project\account\emails.py changed, reloading. 266
2024-01-24 15:43:41,834 INFO Watching for file changes with StatReloader 668
2024-01-24 15:43:45,914 INFO E:\TODO-PROJECT\todo_project\account\emails.py changed, reloading. 266
2024-01-24 15:43:46,966 INFO Watching for file changes with StatReloader 668
2024-01-24 15:43:48,723 INFO E:\TODO-PROJECT\todo_project\account\emails.py changed, reloading. 266
2024-01-24 15:43:49,536 INFO Watching for file changes with StatReloader 668
2024-01-24 15:43:53,519 INFO E:\TODO-PROJECT\todo_project\account\emails.py changed, reloading. 266
2024-01-24 15:43:54,508 INFO Watching for file changes with StatReloader 668
2024-01-24 15:43:59,303 INFO E:\TODO-PROJECT\todo_project\account\emails.py changed, reloading. 266
2024-01-24 15:44:00,131 INFO Watching for file changes with StatReloader 668
2024-01-24 15:44:01,962 INFO E:\TODO-PROJECT\todo_project\account\emails.py changed, reloading. 266
2024-01-24 15:44:02,692 INFO Watching for file changes with StatReloader 668
2024-01-24 15:44:06,661 INFO E:\TODO-PROJECT\todo_project\account\emails.py changed, reloading. 266
2024-01-24 15:44:07,479 INFO Watching for file changes with StatReloader 668
2024-01-24 15:44:08,995 INFO E:\TODO-PROJECT\todo_project\account\emails.py changed, reloading. 266
2024-01-24 15:44:10,022 INFO Watching for file changes with StatReloader 668
2024-01-24 15:44:12,905 INFO E:\TODO-PROJECT\todo_project\account\emails.py changed, reloading. 266
2024-01-24 15:44:13,829 INFO Watching for file changes with StatReloader 668
2024-01-24 15:44:20,970 INFO E:\TODO-PROJECT\todo_project\account\emails.py changed, reloading. 266
2024-01-24 15:44:21,962 INFO Watching for file changes with StatReloader 668
2024-01-24 15:44:23,460 INFO E:\TODO-PROJECT\todo_project\account\emails.py changed, reloading. 266
2024-01-24 15:44:24,407 INFO Watching for file changes with StatReloader 668
2024-01-24 15:44:29,515 INFO E:\TODO-PROJECT\todo_project\account\emails.py changed, reloading. 266
2024-01-24 15:44:30,530 INFO Watching for file changes with StatReloader 668
2024-01-24 15:44:40,981 INFO E:\TODO-PROJECT\todo_project\account\emails.py changed, reloading. 266
2024-01-24 15:44:42,129 INFO Watching for file changes with StatReloader 668
2024-01-24 15:44:52,539 INFO E:\TODO-PROJECT\todo_project\account\emails.py changed, reloading. 266
2024-01-24 15:44:53,586 INFO Watching for file changes with StatReloader 668
2024-01-24 15:44:59,734 INFO E:\TODO-PROJECT\todo_project\account\emails.py changed, reloading. 266
2024-01-24 15:45:00,566 INFO Watching for file changes with StatReloader 668
2024-01-24 15:45:07,816 INFO E:\TODO-PROJECT\todo_project\account\emails.py changed, reloading. 266
2024-01-24 15:45:08,615 INFO Watching for file changes with StatReloader 668
2024-01-24 15:45:13,685 INFO E:\TODO-PROJECT\todo_project\account\emails.py changed, reloading. 266
2024-01-24 15:45:14,719 INFO Watching for file changes with StatReloader 668
2024-01-24 15:45:19,765 INFO E:\TODO-PROJECT\todo_project\account\emails.py changed, reloading. 266
2024-01-24 15:45:20,796 INFO Watching for file changes with StatReloader 668
2024-01-24 15:45:22,654 INFO E:\TODO-PROJECT\todo_project\account\emails.py changed, reloading. 266
2024-01-24 15:45:23,439 INFO Watching for file changes with StatReloader 668
2024-01-24 15:45:27,454 INFO E:\TODO-PROJECT\todo_project\account\emails.py changed, reloading. 266
2024-01-24 15:45:28,375 INFO Watching for file changes with StatReloader 668
2024-01-24 15:45:34,523 INFO E:\TODO-PROJECT\todo_project\account\emails.py changed, reloading. 266
2024-01-24 15:45:35,620 INFO Watching for file changes with StatReloader 668
2024-01-24 15:45:40,736 INFO E:\TODO-PROJECT\todo_project\account\emails.py changed, reloading. 266
2024-01-24 15:45:41,859 INFO Watching for file changes with StatReloader 668
2024-01-24 15:45:47,989 INFO E:\TODO-PROJECT\todo_project\account\emails.py changed, reloading. 266
2024-01-24 15:45:49,146 INFO Watching for file changes with StatReloader 668
2024-01-24 15:45:53,205 INFO E:\TODO-PROJECT\todo_project\account\emails.py changed, reloading. 266
2024-01-24 15:45:54,281 INFO Watching for file changes with StatReloader 668
2024-01-24 15:46:00,445 INFO E:\TODO-PROJECT\todo_project\account\emails.py changed, reloading. 266
2024-01-24 15:46:01,453 INFO Watching for file changes with StatReloader 668
2024-01-24 15:46:03,250 INFO E:\TODO-PROJECT\todo_project\account\emails.py changed, reloading. 266
2024-01-24 15:46:04,152 INFO Watching for file changes with StatReloader 668
2024-01-24 15:46:09,218 INFO E:\TODO-PROJECT\todo_project\account\emails.py changed, reloading. 266
2024-01-24 15:46:10,097 INFO Watching for file changes with StatReloader 668
2024-01-24 15:46:16,347 INFO E:\TODO-PROJECT\todo_project\account\emails.py changed, reloading. 266
2024-01-24 15:46:17,163 INFO Watching for file changes with StatReloader 668
2024-01-24 15:46:22,280 INFO E:\TODO-PROJECT\todo_project\account\emails.py changed, reloading. 266
2024-01-24 15:46:23,120 INFO Watching for file changes with StatReloader 668
2024-01-24 15:46:32,461 INFO E:\TODO-PROJECT\todo_project\account\emails.py changed, reloading. 266
2024-01-24 15:46:33,446 INFO Watching for file changes with StatReloader 668
2024-01-24 15:46:40,432 INFO E:\TODO-PROJECT\todo_project\account\emails.py changed, reloading. 266
2024-01-24 15:46:41,581 INFO Watching for file changes with StatReloader 668
2024-01-24 15:46:48,820 INFO E:\TODO-PROJECT\todo_project\account\emails.py changed, reloading. 266
2024-01-24 15:46:49,785 INFO Watching for file changes with StatReloader 668
2024-01-24 15:46:54,815 INFO E:\TODO-PROJECT\todo_project\account\emails.py changed, reloading. 266
2024-01-24 15:46:55,724 INFO Watching for file changes with StatReloader 668
2024-01-24 15:47:00,753 INFO E:\TODO-PROJECT\todo_project\account\emails.py changed, reloading. 266
2024-01-24 15:47:01,745 INFO Watching for file changes with StatReloader 668
2024-01-24 15:47:04,626 INFO E:\TODO-PROJECT\todo_project\account\emails.py changed, reloading. 266
2024-01-24 15:47:05,700 INFO Watching for file changes with StatReloader 668
2024-01-24 15:47:10,751 INFO E:\TODO-PROJECT\todo_project\account\emails.py changed, reloading. 266
2024-01-24 15:47:11,677 INFO Watching for file changes with StatReloader 668
2024-01-24 15:47:19,001 INFO E:\TODO-PROJECT\todo_project\account\emails.py changed, reloading. 266
2024-01-24 15:47:20,150 INFO Watching for file changes with StatReloader 668
2024-01-24 15:47:21,980 INFO E:\TODO-PROJECT\todo_project\account\emails.py changed, reloading. 266
2024-01-24 15:47:22,886 INFO Watching for file changes with StatReloader 668
2024-01-24 15:47:24,417 INFO E:\TODO-PROJECT\todo_project\account\emails.py changed, reloading. 266
2024-01-24 15:47:25,357 INFO Watching for file changes with StatReloader 668
2024-01-24 15:47:33,633 INFO E:\TODO-PROJECT\todo_project\account\emails.py changed, reloading. 266
2024-01-24 15:47:34,623 INFO Watching for file changes with StatReloader 668
2024-01-24 15:47:36,390 INFO E:\TODO-PROJECT\todo_project\account\emails.py changed, reloading. 266
2024-01-24 15:47:37,127 INFO Watching for file changes with StatReloader 668
2024-01-24 15:47:38,953 INFO E:\TODO-PROJECT\todo_project\account\emails.py changed, reloading. 266
2024-01-24 15:47:39,833 INFO Watching for file changes with StatReloader 668
2024-01-24 15:47:48,074 INFO E:\TODO-PROJECT\todo_project\account\emails.py changed, reloading. 266
2024-01-24 15:47:49,320 INFO Watching for file changes with StatReloader 668
2024-01-24 15:47:51,182 INFO E:\TODO-PROJECT\todo_project\account\emails.py changed, reloading. 266
2024-01-24 15:47:52,055 INFO Watching for file changes with StatReloader 668
2024-01-24 15:47:53,517 INFO E:\TODO-PROJECT\todo_project\account\emails.py changed, reloading. 266
2024-01-24 15:47:54,475 INFO Watching for file changes with StatReloader 668
2024-01-24 15:50:35,192 INFO E:\TODO-PROJECT\todo_project\account\admin.py changed, reloading. 266
2024-01-24 15:50:36,410 INFO Watching for file changes with StatReloader 668
2024-01-24 15:52:29,229 INFO E:\TODO-PROJECT\todo_project\account\admin.py changed, reloading. 266
2024-01-24 15:52:30,109 INFO Watching for file changes with StatReloader 668
2024-01-24 15:52:32,846 INFO E:\TODO-PROJECT\todo_project\account\admin.py changed, reloading. 266
2024-01-24 15:52:33,846 INFO Watching for file changes with StatReloader 668
2024-01-24 15:52:35,418 INFO E:\TODO-PROJECT\todo_project\account\admin.py changed, reloading. 266
2024-01-24 15:52:36,442 INFO Watching for file changes with StatReloader 668
2024-01-24 15:52:42,223 INFO E:\TODO-PROJECT\todo_project\account\admin.py changed, reloading. 266
2024-01-24 15:52:43,169 INFO Watching for file changes with StatReloader 668
2024-01-24 15:52:44,724 INFO E:\TODO-PROJECT\todo_project\account\admin.py changed, reloading. 266
2024-01-24 15:52:45,679 INFO Watching for file changes with StatReloader 668
2024-01-24 15:52:47,233 INFO E:\TODO-PROJECT\todo_project\account\admin.py changed, reloading. 266
2024-01-24 15:52:48,062 INFO Watching for file changes with StatReloader 668
2024-01-24 15:52:53,722 INFO E:\TODO-PROJECT\todo_project\account\admin.py changed, reloading. 266
2024-01-24 15:52:54,902 INFO Watching for file changes with StatReloader 668
2024-01-24 15:52:59,514 INFO E:\TODO-PROJECT\todo_project\account\admin.py changed, reloading. 266
2024-01-24 15:53:00,445 INFO Watching for file changes with StatReloader 668
2024-01-24 15:53:02,418 INFO E:\TODO-PROJECT\todo_project\account\admin.py changed, reloading. 266
2024-01-24 15:53:03,504 INFO Watching for file changes with StatReloader 668
2024-01-24 15:53:07,493 INFO E:\TODO-PROJECT\todo_project\account\admin.py changed, reloading. 266
2024-01-24 15:53:08,453 INFO Watching for file changes with StatReloader 668
2024-01-24 15:53:11,070 INFO E:\TODO-PROJECT\todo_project\account\admin.py changed, reloading. 266
2024-01-24 15:53:11,929 INFO Watching for file changes with StatReloader 668
2024-01-24 15:53:18,646 INFO E:\TODO-PROJECT\todo_project\account\admin.py changed, reloading. 266
2024-01-24 15:53:19,571 INFO Watching for file changes with StatReloader 668
2024-01-24 15:53:28,017 INFO E:\TODO-PROJECT\todo_project\account\admin.py changed, reloading. 266
2024-01-24 15:53:28,829 INFO Watching for file changes with StatReloader 668
2024-01-24 15:53:32,891 INFO E:\TODO-PROJECT\todo_project\account\admin.py changed, reloading. 266
2024-01-24 15:53:33,888 INFO Watching for file changes with StatReloader 668
2024-01-24 15:53:35,436 INFO E:\TODO-PROJECT\todo_project\account\admin.py changed, reloading. 266
2024-01-24 15:53:36,388 INFO Watching for file changes with StatReloader 668
2024-01-24 15:53:38,148 INFO E:\TODO-PROJECT\todo_project\account\admin.py changed, reloading. 266
2024-01-24 15:53:38,958 INFO Watching for file changes with StatReloader 668
2024-01-24 15:54:58,903 INFO Watching for file changes with StatReloader 668
2024-01-24 15:55:48,930 INFO "GET /admin/ HTTP/1.1" 302 0 212
2024-01-24 15:55:49,057 INFO "GET /admin/login/?next=/admin/ HTTP/1.1" 200 4178 212
2024-01-24 15:56:20,507 INFO "POST /admin/login/?next=/admin/ HTTP/1.1" 302 0 212
2024-01-24 15:56:20,614 INFO "GET /admin/ HTTP/1.1" 200 5807 212
2024-01-24 15:56:22,577 INFO "GET /admin/auth/group/ HTTP/1.1" 200 7499 212
2024-01-24 15:56:22,680 INFO "GET /admin/jsi18n/ HTTP/1.1" 200 3343 212
2024-01-24 15:56:24,954 INFO "GET /admin/account/user/ HTTP/1.1" 200 8533 212
2024-01-24 15:56:25,050 INFO "GET /admin/jsi18n/ HTTP/1.1" 200 3343 212
2024-01-24 15:56:28,829 INFO "GET /admin/account/user/2/change/ HTTP/1.1" 200 19315 212
2024-01-24 15:56:28,928 INFO "GET /admin/jsi18n/ HTTP/1.1" 200 3343 212
2024-01-24 15:56:37,617 INFO "GET /admin/account/user/ HTTP/1.1" 200 8533 212
2024-01-24 15:58:25,836 INFO "POST /admin/account/user/ HTTP/1.1" 200 7235 212
2024-01-24 15:58:25,951 INFO "GET /static/admin/js/cancel.js HTTP/1.1" 200 884 212
2024-01-24 15:58:27,206 INFO "POST /admin/account/user/ HTTP/1.1" 302 0 212
2024-01-24 15:58:27,290 INFO "GET /admin/account/user/ HTTP/1.1" 200 8449 212
2024-01-24 15:58:27,382 INFO "GET /admin/jsi18n/ HTTP/1.1" 200 3343 212
2024-01-24 16:04:10,840 INFO E:\TODO-PROJECT\todo_project\todo_project\settings.py changed, reloading. 266
2024-01-24 16:04:11,837 INFO Watching for file changes with StatReloader 668
2024-01-24 16:04:19,037 INFO E:\TODO-PROJECT\todo_project\todo_project\settings.py changed, reloading. 266
2024-01-24 16:04:19,964 INFO Watching for file changes with StatReloader 668
2024-01-24 16:04:41,280 INFO E:\TODO-PROJECT\todo_project\todo_project\settings.py changed, reloading. 266
2024-01-24 16:04:42,127 INFO Watching for file changes with StatReloader 668
2024-01-24 16:04:47,184 INFO E:\TODO-PROJECT\todo_project\todo_project\settings.py changed, reloading. 266
2024-01-24 16:04:48,407 INFO Watching for file changes with StatReloader 668
2024-01-24 16:05:47,047 INFO Watching for file changes with StatReloader 668
2024-01-24 16:07:41,997 INFO "POST /register/ HTTP/1.1" 200 151 212
2024-01-24 16:10:21,869 INFO E:\TODO-PROJECT\todo_project\account\serializer.py changed, reloading. 266
2024-01-24 16:10:23,084 INFO Watching for file changes with StatReloader 668
2024-01-24 16:10:31,109 INFO E:\TODO-PROJECT\todo_project\account\serializer.py changed, reloading. 266
2024-01-24 16:10:31,923 INFO Watching for file changes with StatReloader 668
2024-01-24 16:10:36,634 INFO E:\TODO-PROJECT\todo_project\account\serializer.py changed, reloading. 266
2024-01-24 16:10:37,730 INFO Watching for file changes with StatReloader 668
2024-01-24 16:10:42,450 INFO E:\TODO-PROJECT\todo_project\account\serializer.py changed, reloading. 266
2024-01-24 16:10:43,445 INFO Watching for file changes with StatReloader 668
2024-01-24 16:10:44,945 INFO E:\TODO-PROJECT\todo_project\account\serializer.py changed, reloading. 266
2024-01-24 16:10:45,903 INFO Watching for file changes with StatReloader 668
2024-01-24 16:10:53,850 INFO E:\TODO-PROJECT\todo_project\account\serializer.py changed, reloading. 266
2024-01-24 16:10:54,693 INFO Watching for file changes with StatReloader 668
2024-01-24 16:12:41,734 INFO E:\TODO-PROJECT\todo_project\account\serializer.py changed, reloading. 266
2024-01-24 16:12:42,633 INFO Watching for file changes with StatReloader 668
2024-01-24 16:12:46,270 INFO E:\TODO-PROJECT\todo_project\account\serializer.py changed, reloading. 266
2024-01-24 16:12:47,361 INFO Watching for file changes with StatReloader 668
2024-01-24 16:12:52,120 INFO E:\TODO-PROJECT\todo_project\account\serializer.py changed, reloading. 266
2024-01-24 16:12:53,040 INFO Watching for file changes with StatReloader 668
2024-01-24 16:12:58,815 INFO E:\TODO-PROJECT\todo_project\account\serializer.py changed, reloading. 266
2024-01-24 16:12:59,880 INFO Watching for file changes with StatReloader 668
2024-01-24 16:13:04,630 INFO E:\TODO-PROJECT\todo_project\account\serializer.py changed, reloading. 266
2024-01-24 16:13:05,735 INFO Watching for file changes with StatReloader 668
2024-01-24 16:13:15,839 INFO E:\TODO-PROJECT\todo_project\account\serializer.py changed, reloading. 266
2024-01-24 16:13:16,824 INFO Watching for file changes with StatReloader 668
2024-01-24 16:13:22,676 INFO E:\TODO-PROJECT\todo_project\account\serializer.py changed, reloading. 266
2024-01-24 16:13:23,744 INFO Watching for file changes with StatReloader 668
2024-01-24 16:13:29,881 INFO E:\TODO-PROJECT\todo_project\account\serializer.py changed, reloading. 266
2024-01-24 16:13:30,743 INFO Watching for file changes with StatReloader 668
2024-01-24 16:13:34,361 INFO E:\TODO-PROJECT\todo_project\account\serializer.py changed, reloading. 266
2024-01-24 16:13:35,493 INFO Watching for file changes with StatReloader 668
2024-01-24 16:13:40,513 INFO E:\TODO-PROJECT\todo_project\account\serializer.py changed, reloading. 266
2024-01-24 16:13:41,393 INFO Watching for file changes with StatReloader 668
2024-01-24 16:13:43,223 INFO E:\TODO-PROJECT\todo_project\account\serializer.py changed, reloading. 266
2024-01-24 16:13:44,075 INFO Watching for file changes with StatReloader 668
2024-01-24 16:14:25,875 INFO E:\TODO-PROJECT\todo_project\account\views.py changed, reloading. 266
2024-01-24 16:14:26,948 INFO Watching for file changes with StatReloader 668
2024-01-24 16:14:29,544 INFO E:\TODO-PROJECT\todo_project\account\views.py changed, reloading. 266
2024-01-24 16:14:30,464 INFO Watching for file changes with StatReloader 668
2024-01-24 16:14:31,936 INFO E:\TODO-PROJECT\todo_project\account\views.py changed, reloading. 266
2024-01-24 16:14:32,966 INFO Watching for file changes with StatReloader 668
2024-01-24 16:14:38,783 INFO E:\TODO-PROJECT\todo_project\account\views.py changed, reloading. 266
2024-01-24 16:14:39,674 INFO Watching for file changes with StatReloader 668
2024-01-24 16:14:47,686 INFO E:\TODO-PROJECT\todo_project\account\views.py changed, reloading. 266
2024-01-24 16:14:48,737 INFO Watching for file changes with StatReloader 668
2024-01-24 16:14:53,444 INFO E:\TODO-PROJECT\todo_project\account\views.py changed, reloading. 266
2024-01-24 16:14:54,473 INFO Watching for file changes with StatReloader 668
2024-01-24 16:14:55,946 INFO E:\TODO-PROJECT\todo_project\account\views.py changed, reloading. 266
2024-01-24 16:14:56,943 INFO Watching for file changes with StatReloader 668
2024-01-24 16:15:01,725 INFO E:\TODO-PROJECT\todo_project\account\views.py changed, reloading. 266
2024-01-24 16:15:02,779 INFO Watching for file changes with StatReloader 668
2024-01-24 16:15:08,540 INFO E:\TODO-PROJECT\todo_project\account\views.py changed, reloading. 266
2024-01-24 16:15:09,416 INFO Watching for file changes with StatReloader 668
2024-01-24 16:15:15,203 INFO E:\TODO-PROJECT\todo_project\account\views.py changed, reloading. 266
2024-01-24 16:15:16,403 INFO Watching for file changes with StatReloader 668
2024-01-24 16:15:22,180 INFO E:\TODO-PROJECT\todo_project\account\views.py changed, reloading. 266
2024-01-24 16:15:23,211 INFO Watching for file changes with StatReloader 668
2024-01-24 16:15:26,864 INFO E:\TODO-PROJECT\todo_project\account\views.py changed, reloading. 266
2024-01-24 16:15:27,977 INFO Watching for file changes with StatReloader 668
2024-01-24 16:15:35,877 INFO E:\TODO-PROJECT\todo_project\account\views.py changed, reloading. 266
2024-01-24 16:15:36,996 INFO Watching for file changes with StatReloader 668
2024-01-24 16:15:41,676 INFO E:\TODO-PROJECT\todo_project\account\views.py changed, reloading. 266
2024-01-24 16:15:42,475 INFO Watching for file changes with StatReloader 668
2024-01-24 16:15:46,140 INFO E:\TODO-PROJECT\todo_project\account\views.py changed, reloading. 266
2024-01-24 16:15:47,143 INFO Watching for file changes with StatReloader 668
2024-01-24 16:15:48,645 INFO E:\TODO-PROJECT\todo_project\account\views.py changed, reloading. 266
2024-01-24 16:15:49,565 INFO Watching for file changes with StatReloader 668
2024-01-24 16:23:09,204 INFO E:\TODO-PROJECT\todo_project\account\views.py changed, reloading. 266
2024-01-24 16:23:10,406 INFO Watching for file changes with StatReloader 668
2024-01-24 16:23:19,400 INFO E:\TODO-PROJECT\todo_project\account\views.py changed, reloading. 266
2024-01-24 16:23:20,337 INFO Watching for file changes with StatReloader 668
2024-01-24 16:23:26,140 INFO E:\TODO-PROJECT\todo_project\account\views.py changed, reloading. 266
2024-01-24 16:23:26,966 INFO Watching for file changes with StatReloader 668
2024-01-24 16:23:29,547 INFO E:\TODO-PROJECT\todo_project\account\views.py changed, reloading. 266
2024-01-24 16:23:30,550 INFO Watching for file changes with StatReloader 668
2024-01-24 16:23:35,253 INFO E:\TODO-PROJECT\todo_project\account\views.py changed, reloading. 266
2024-01-24 16:23:36,333 INFO Watching for file changes with StatReloader 668
2024-01-24 16:23:39,904 INFO E:\TODO-PROJECT\todo_project\account\views.py changed, reloading. 266
2024-01-24 16:23:40,954 INFO Watching for file changes with StatReloader 668
2024-01-24 16:23:42,418 INFO E:\TODO-PROJECT\todo_project\account\views.py changed, reloading. 266
2024-01-24 16:23:43,333 INFO Watching for file changes with StatReloader 668
2024-01-24 16:23:48,010 INFO E:\TODO-PROJECT\todo_project\account\views.py changed, reloading. 266
2024-01-24 16:23:48,977 INFO Watching for file changes with StatReloader 668
2024-01-24 16:23:53,716 INFO E:\TODO-PROJECT\todo_project\account\views.py changed, reloading. 266
2024-01-24 16:23:54,599 INFO Watching for file changes with StatReloader 668
2024-01-24 16:23:57,129 INFO E:\TODO-PROJECT\todo_project\account\views.py changed, reloading. 266
2024-01-24 16:23:57,997 INFO Watching for file changes with StatReloader 668
2024-01-24 16:24:00,694 INFO E:\TODO-PROJECT\todo_project\account\views.py changed, reloading. 266
2024-01-24 16:24:01,925 INFO Watching for file changes with StatReloader 668
2024-01-24 16:24:06,659 INFO E:\TODO-PROJECT\todo_project\account\views.py changed, reloading. 266
2024-01-24 16:24:07,618 INFO Watching for file changes with StatReloader 668
2024-01-24 16:24:11,291 INFO E:\TODO-PROJECT\todo_project\account\views.py changed, reloading. 266
2024-01-24 16:24:12,365 INFO Watching for file changes with StatReloader 668
2024-01-24 16:24:18,139 INFO E:\TODO-PROJECT\todo_project\account\views.py changed, reloading. 266
2024-01-24 16:24:19,066 INFO Watching for file changes with StatReloader 668
2024-01-24 16:24:20,637 INFO E:\TODO-PROJECT\todo_project\account\views.py changed, reloading. 266
2024-01-24 16:24:21,464 INFO Watching for file changes with StatReloader 668
2024-01-24 16:24:29,416 INFO E:\TODO-PROJECT\todo_project\account\views.py changed, reloading. 266
2024-01-24 16:24:30,306 INFO Watching for file changes with StatReloader 668
2024-01-24 16:24:31,835 INFO E:\TODO-PROJECT\todo_project\account\views.py changed, reloading. 266
2024-01-24 16:24:32,645 INFO Watching for file changes with StatReloader 668
2024-01-24 16:24:38,464 INFO E:\TODO-PROJECT\todo_project\account\views.py changed, reloading. 266
2024-01-24 16:24:39,485 INFO Watching for file changes with StatReloader 668
2024-01-24 16:24:49,593 INFO E:\TODO-PROJECT\todo_project\account\views.py changed, reloading. 266
2024-01-24 16:24:50,508 INFO Watching for file changes with StatReloader 668
2024-01-24 16:24:55,261 INFO E:\TODO-PROJECT\todo_project\account\views.py changed, reloading. 266
2024-01-24 16:24:56,153 INFO Watching for file changes with StatReloader 668
2024-01-24 16:24:57,589 INFO E:\TODO-PROJECT\todo_project\account\views.py changed, reloading. 266
2024-01-24 16:24:58,481 INFO Watching for file changes with StatReloader 668
2024-01-24 16:25:04,264 INFO E:\TODO-PROJECT\todo_project\account\views.py changed, reloading. 266
2024-01-24 16:25:05,236 INFO Watching for file changes with StatReloader 668
2024-01-24 16:25:09,939 INFO E:\TODO-PROJECT\todo_project\account\views.py changed, reloading. 266
2024-01-24 16:25:11,076 INFO Watching for file changes with StatReloader 668
2024-01-24 16:25:16,890 INFO E:\TODO-PROJECT\todo_project\account\views.py changed, reloading. 266
2024-01-24 16:25:17,807 INFO Watching for file changes with StatReloader 668
2024-01-24 16:25:28,257 INFO E:\TODO-PROJECT\todo_project\account\views.py changed, reloading. 266
2024-01-24 16:25:29,318 INFO Watching for file changes with StatReloader 668
2024-01-24 16:25:49,499 INFO E:\TODO-PROJECT\todo_project\account\views.py changed, reloading. 266
2024-01-24 16:25:50,367 INFO Watching for file changes with StatReloader 668
2024-01-24 16:27:31,364 INFO E:\TODO-PROJECT\todo_project\account\views.py changed, reloading. 266
2024-01-24 16:27:32,402 INFO Watching for file changes with StatReloader 668
2024-01-24 16:27:38,259 INFO E:\TODO-PROJECT\todo_project\account\views.py changed, reloading. 266
2024-01-24 16:27:39,287 INFO Watching for file changes with StatReloader 668
2024-01-24 16:28:08,236 INFO E:\TODO-PROJECT\todo_project\account\views.py changed, reloading. 266
2024-01-24 16:28:09,313 INFO Watching for file changes with StatReloader 668
2024-01-24 16:28:42,620 INFO E:\TODO-PROJECT\todo_project\account\views.py changed, reloading. 266
2024-01-24 16:28:43,751 INFO Watching for file changes with StatReloader 668
2024-01-24 16:28:49,927 INFO E:\TODO-PROJECT\todo_project\account\views.py changed, reloading. 266
2024-01-24 16:28:50,860 INFO Watching for file changes with StatReloader 668
2024-01-24 16:28:55,922 INFO E:\TODO-PROJECT\todo_project\account\views.py changed, reloading. 266
2024-01-24 16:28:56,828 INFO Watching for file changes with StatReloader 668
2024-01-24 16:29:02,580 INFO E:\TODO-PROJECT\todo_project\account\views.py changed, reloading. 266
2024-01-24 16:29:03,436 INFO Watching for file changes with StatReloader 668
2024-01-24 16:29:06,342 INFO E:\TODO-PROJECT\todo_project\account\views.py changed, reloading. 266
2024-01-24 16:29:07,225 INFO Watching for file changes with StatReloader 668
2024-01-24 16:29:13,338 INFO E:\TODO-PROJECT\todo_project\account\views.py changed, reloading. 266
2024-01-24 16:29:14,285 INFO Watching for file changes with StatReloader 668
2024-01-24 16:29:20,424 INFO E:\TODO-PROJECT\todo_project\account\views.py changed, reloading. 266
2024-01-24 16:29:21,358 INFO Watching for file changes with StatReloader 668
2024-01-24 16:29:26,403 INFO E:\TODO-PROJECT\todo_project\account\views.py changed, reloading. 266
2024-01-24 16:29:27,513 INFO Watching for file changes with StatReloader 668
2024-01-24 16:29:32,271 INFO E:\TODO-PROJECT\todo_project\account\views.py changed, reloading. 266
2024-01-24 16:29:33,359 INFO Watching for file changes with StatReloader 668
2024-01-24 16:29:35,107 INFO E:\TODO-PROJECT\todo_project\account\views.py changed, reloading. 266
2024-01-24 16:29:35,863 INFO Watching for file changes with StatReloader 668
2024-01-24 16:29:42,064 INFO E:\TODO-PROJECT\todo_project\account\views.py changed, reloading. 266
2024-01-24 16:29:43,110 INFO Watching for file changes with StatReloader 668
2024-01-24 16:29:49,241 INFO E:\TODO-PROJECT\todo_project\account\views.py changed, reloading. 266
2024-01-24 16:29:50,321 INFO Watching for file changes with StatReloader 668
2024-01-24 16:29:57,491 INFO E:\TODO-PROJECT\todo_project\account\views.py changed, reloading. 266
2024-01-24 16:29:58,472 INFO Watching for file changes with StatReloader 668
2024-01-24 16:30:03,222 INFO E:\TODO-PROJECT\todo_project\account\views.py changed, reloading. 266
2024-01-24 16:30:04,197 INFO Watching for file changes with StatReloader 668
2024-01-24 16:30:06,092 INFO E:\TODO-PROJECT\todo_project\account\views.py changed, reloading. 266
2024-01-24 16:30:06,869 INFO Watching for file changes with StatReloader 668
2024-01-24 16:30:10,500 INFO E:\TODO-PROJECT\todo_project\account\views.py changed, reloading. 266
2024-01-24 16:30:11,361 INFO Watching for file changes with StatReloader 668
2024-01-24 16:30:15,350 INFO E:\TODO-PROJECT\todo_project\account\views.py changed, reloading. 266
2024-01-24 16:30:16,417 INFO Watching for file changes with StatReloader 668
2024-01-24 16:30:18,958 INFO E:\TODO-PROJECT\todo_project\account\views.py changed, reloading. 266
2024-01-24 16:30:19,772 INFO Watching for file changes with StatReloader 668
2024-01-24 16:31:37,413 INFO E:\TODO-PROJECT\todo_project\account\views.py changed, reloading. 266
2024-01-24 16:31:38,432 INFO Watching for file changes with StatReloader 668
2024-01-24 16:31:40,361 INFO E:\TODO-PROJECT\todo_project\account\views.py changed, reloading. 266
2024-01-24 16:31:41,210 INFO Watching for file changes with StatReloader 668
2024-01-24 16:31:46,244 INFO E:\TODO-PROJECT\todo_project\account\views.py changed, reloading. 266
2024-01-24 16:31:47,313 INFO Watching for file changes with StatReloader 668
2024-01-24 16:31:53,053 INFO E:\TODO-PROJECT\todo_project\account\views.py changed, reloading. 266
2024-01-24 16:31:54,110 INFO Watching for file changes with StatReloader 668
2024-01-24 16:31:59,146 INFO E:\TODO-PROJECT\todo_project\account\views.py changed, reloading. 266
2024-01-24 16:32:00,228 INFO Watching for file changes with StatReloader 668
2024-01-24 16:32:05,278 INFO E:\TODO-PROJECT\todo_project\account\views.py changed, reloading. 266
2024-01-24 16:32:06,236 INFO Watching for file changes with StatReloader 668
2024-01-24 16:32:07,716 INFO E:\TODO-PROJECT\todo_project\account\views.py changed, reloading. 266
2024-01-24 16:32:08,496 INFO Watching for file changes with StatReloader 668
2024-01-24 16:32:15,707 INFO E:\TODO-PROJECT\todo_project\account\views.py changed, reloading. 266
2024-01-24 16:32:16,733 INFO Watching for file changes with StatReloader 668
2024-01-24 16:32:22,856 INFO E:\TODO-PROJECT\todo_project\account\views.py changed, reloading. 266
2024-01-24 16:32:23,817 INFO Watching for file changes with StatReloader 668
2024-01-24 16:32:25,574 INFO E:\TODO-PROJECT\todo_project\account\views.py changed, reloading. 266
2024-01-24 16:32:26,431 INFO Watching for file changes with StatReloader 668
2024-01-24 16:32:32,548 INFO E:\TODO-PROJECT\todo_project\account\views.py changed, reloading. 266
2024-01-24 16:32:33,411 INFO Watching for file changes with StatReloader 668
2024-01-24 16:32:38,156 INFO E:\TODO-PROJECT\todo_project\account\views.py changed, reloading. 266
2024-01-24 16:32:39,015 INFO Watching for file changes with StatReloader 668
2024-01-24 16:32:43,681 INFO E:\TODO-PROJECT\todo_project\account\views.py changed, reloading. 266
2024-01-24 16:32:44,707 INFO Watching for file changes with StatReloader 668
2024-01-24 16:32:47,263 INFO E:\TODO-PROJECT\todo_project\account\views.py changed, reloading. 266
2024-01-24 16:32:48,164 INFO Watching for file changes with StatReloader 668
2024-01-24 16:32:49,626 INFO E:\TODO-PROJECT\todo_project\account\views.py changed, reloading. 266
2024-01-24 16:32:50,459 INFO Watching for file changes with StatReloader 668
2024-01-24 16:32:55,105 INFO E:\TODO-PROJECT\todo_project\account\views.py changed, reloading. 266
2024-01-24 16:32:55,902 INFO Watching for file changes with StatReloader 668
2024-01-24 16:33:01,701 INFO E:\TODO-PROJECT\todo_project\account\views.py changed, reloading. 266
2024-01-24 16:33:02,651 INFO Watching for file changes with StatReloader 668
2024-01-24 16:59:51,675 INFO E:\TODO-PROJECT\todo_project\account\views.py changed, reloading. 266
2024-01-24 16:59:52,251 INFO Watching for file changes with StatReloader 668
2024-01-24 17:01:16,461 INFO E:\TODO-PROJECT\todo_project\account\views.py changed, reloading. 266
2024-01-24 17:01:16,896 INFO Watching for file changes with StatReloader 668
2024-01-24 17:01:18,162 INFO E:\TODO-PROJECT\todo_project\account\views.py changed, reloading. 266
2024-01-24 17:01:18,665 INFO Watching for file changes with StatReloader 668
2024-01-24 17:01:29,475 INFO E:\TODO-PROJECT\todo_project\account\views.py changed, reloading. 266
2024-01-24 17:01:29,897 INFO Watching for file changes with StatReloader 668
2024-01-24 17:01:43,810 INFO E:\TODO-PROJECT\todo_project\account\views.py changed, reloading. 266
2024-01-24 17:01:44,236 INFO Watching for file changes with StatReloader 668
2024-01-24 17:01:46,716 INFO E:\TODO-PROJECT\todo_project\account\views.py changed, reloading. 266
2024-01-24 17:01:47,134 INFO Watching for file changes with StatReloader 668
2024-01-24 17:01:50,657 INFO E:\TODO-PROJECT\todo_project\account\views.py changed, reloading. 266
2024-01-24 17:01:51,103 INFO Watching for file changes with StatReloader 668
2024-01-24 17:02:27,896 INFO E:\TODO-PROJECT\todo_project\account\views.py changed, reloading. 266
2024-01-24 17:02:28,351 INFO Watching for file changes with StatReloader 668
2024-01-24 17:03:06,143 INFO E:\TODO-PROJECT\todo_project\account\views.py changed, reloading. 266
2024-01-24 17:03:06,680 INFO Watching for file changes with StatReloader 668
2024-01-24 17:03:23,507 INFO E:\TODO-PROJECT\todo_project\account\views.py changed, reloading. 266
2024-01-24 17:03:23,919 INFO Watching for file changes with StatReloader 668
2024-01-24 17:03:25,180 INFO E:\TODO-PROJECT\todo_project\account\views.py changed, reloading. 266
2024-01-24 17:03:25,649 INFO Watching for file changes with StatReloader 668
2024-01-24 17:03:27,062 INFO E:\TODO-PROJECT\todo_project\account\views.py changed, reloading. 266
2024-01-24 17:03:27,503 INFO Watching for file changes with StatReloader 668
2024-01-24 17:03:28,954 INFO E:\TODO-PROJECT\todo_project\account\views.py changed, reloading. 266
2024-01-24 17:03:29,389 INFO Watching for file changes with StatReloader 668
2024-01-24 17:03:30,798 INFO E:\TODO-PROJECT\todo_project\account\views.py changed, reloading. 266
2024-01-24 17:03:31,430 INFO Watching for file changes with StatReloader 668
2024-01-24 17:03:36,041 INFO E:\TODO-PROJECT\todo_project\account\views.py changed, reloading. 266
2024-01-24 17:03:36,566 INFO Watching for file changes with StatReloader 668
2024-01-24 17:05:04,296 INFO E:\TODO-PROJECT\todo_project\account\views.py changed, reloading. 266
2024-01-24 17:05:04,743 INFO Watching for file changes with StatReloader 668
2024-01-24 17:05:08,262 INFO E:\TODO-PROJECT\todo_project\account\views.py changed, reloading. 266
2024-01-24 17:05:08,783 INFO Watching for file changes with StatReloader 668
2024-01-24 17:05:14,195 INFO E:\TODO-PROJECT\todo_project\account\views.py changed, reloading. 266
2024-01-24 17:05:14,708 INFO Watching for file changes with StatReloader 668
2024-01-24 17:05:23,241 INFO E:\TODO-PROJECT\todo_project\account\views.py changed, reloading. 266
2024-01-24 17:05:23,738 INFO Watching for file changes with StatReloader 668
2024-01-24 17:05:29,123 INFO E:\TODO-PROJECT\todo_project\account\views.py changed, reloading. 266
2024-01-24 17:05:29,580 INFO Watching for file changes with StatReloader 668
2024-01-24 17:05:34,977 INFO E:\TODO-PROJECT\todo_project\account\views.py changed, reloading. 266
2024-01-24 17:05:35,493 INFO Watching for file changes with StatReloader 668
2024-01-24 17:05:40,955 INFO E:\TODO-PROJECT\todo_project\account\views.py changed, reloading. 266
2024-01-24 17:05:41,503 INFO Watching for file changes with StatReloader 668
2024-01-24 17:05:42,790 INFO E:\TODO-PROJECT\todo_project\account\views.py changed, reloading. 266
2024-01-24 17:05:43,256 INFO Watching for file changes with StatReloader 668
2024-01-24 17:05:55,913 INFO E:\TODO-PROJECT\todo_project\account\views.py changed, reloading. 266
2024-01-24 17:05:56,353 INFO Watching for file changes with StatReloader 668
2024-01-24 17:05:57,602 INFO E:\TODO-PROJECT\todo_project\account\views.py changed, reloading. 266
2024-01-24 17:05:58,068 INFO Watching for file changes with StatReloader 668
2024-01-24 17:06:18,220 INFO E:\TODO-PROJECT\todo_project\account\views.py changed, reloading. 266
2024-01-24 17:06:18,650 INFO Watching for file changes with StatReloader 668
2024-01-24 17:06:23,235 INFO E:\TODO-PROJECT\todo_project\account\views.py changed, reloading. 266
2024-01-24 17:06:23,750 INFO Watching for file changes with StatReloader 668
2024-01-24 17:07:00,577 INFO E:\TODO-PROJECT\todo_project\account\views.py changed, reloading. 266
2024-01-24 17:07:00,983 INFO Watching for file changes with StatReloader 668
2024-01-24 17:07:12,823 INFO E:\TODO-PROJECT\todo_project\account\views.py changed, reloading. 266
2024-01-24 17:07:13,338 INFO Watching for file changes with StatReloader 668
2024-01-24 17:07:21,880 INFO E:\TODO-PROJECT\todo_project\account\views.py changed, reloading. 266
2024-01-24 17:07:22,329 INFO Watching for file changes with StatReloader 668
2024-01-24 17:07:58,859 INFO E:\TODO-PROJECT\todo_project\account\views.py changed, reloading. 266
2024-01-24 17:07:59,286 INFO Watching for file changes with StatReloader 668
2024-01-24 17:08:06,786 INFO E:\TODO-PROJECT\todo_project\account\views.py changed, reloading. 266
2024-01-24 17:08:07,296 INFO Watching for file changes with StatReloader 668
2024-01-24 17:08:12,722 INFO E:\TODO-PROJECT\todo_project\account\views.py changed, reloading. 266
2024-01-24 17:08:13,239 INFO Watching for file changes with StatReloader 668
2024-01-24 17:08:14,487 INFO E:\TODO-PROJECT\todo_project\account\views.py changed, reloading. 266
2024-01-24 17:08:14,993 INFO Watching for file changes with StatReloader 668
2024-01-24 17:08:20,409 INFO E:\TODO-PROJECT\todo_project\account\views.py changed, reloading. 266
2024-01-24 17:08:20,940 INFO Watching for file changes with StatReloader 668
2024-01-24 17:08:22,218 INFO E:\TODO-PROJECT\todo_project\account\views.py changed, reloading. 266
2024-01-24 17:08:22,668 INFO Watching for file changes with StatReloader 668
2024-01-24 17:08:23,917 INFO E:\TODO-PROJECT\todo_project\account\views.py changed, reloading. 266
2024-01-24 17:08:24,380 INFO Watching for file changes with StatReloader 668
2024-01-24 17:08:29,779 INFO E:\TODO-PROJECT\todo_project\account\views.py changed, reloading. 266
2024-01-24 17:08:30,263 INFO Watching for file changes with StatReloader 668
2024-01-24 17:08:37,745 INFO E:\TODO-PROJECT\todo_project\account\views.py changed, reloading. 266
2024-01-24 17:08:38,226 INFO Watching for file changes with StatReloader 668
2024-01-24 17:08:46,769 INFO E:\TODO-PROJECT\todo_project\account\views.py changed, reloading. 266
2024-01-24 17:08:47,241 INFO Watching for file changes with StatReloader 668
2024-01-24 17:08:52,635 INFO E:\TODO-PROJECT\todo_project\account\views.py changed, reloading. 266
2024-01-24 17:08:53,102 INFO Watching for file changes with StatReloader 668
2024-01-24 17:08:54,354 INFO E:\TODO-PROJECT\todo_project\account\views.py changed, reloading. 266
2024-01-24 17:08:54,838 INFO Watching for file changes with StatReloader 668
2024-01-24 17:09:01,261 INFO E:\TODO-PROJECT\todo_project\account\views.py changed, reloading. 266
2024-01-24 17:09:01,684 INFO Watching for file changes with StatReloader 668
2024-01-24 17:09:02,936 INFO E:\TODO-PROJECT\todo_project\account\views.py changed, reloading. 266
2024-01-24 17:09:03,437 INFO Watching for file changes with StatReloader 668
2024-01-24 17:09:08,844 INFO E:\TODO-PROJECT\todo_project\account\views.py changed, reloading. 266
2024-01-24 17:09:09,346 INFO Watching for file changes with StatReloader 668
2024-01-24 17:09:10,612 INFO E:\TODO-PROJECT\todo_project\account\views.py changed, reloading. 266
2024-01-24 17:09:11,133 INFO Watching for file changes with StatReloader 668
2024-01-24 17:09:16,532 INFO E:\TODO-PROJECT\todo_project\account\views.py changed, reloading. 266
2024-01-24 17:09:17,060 INFO Watching for file changes with StatReloader 668
2024-01-24 17:09:30,770 INFO E:\TODO-PROJECT\todo_project\account\views.py changed, reloading. 266
2024-01-24 17:09:31,294 INFO Watching for file changes with StatReloader 668
2024-01-24 17:09:49,163 INFO E:\TODO-PROJECT\todo_project\account\views.py changed, reloading. 266
2024-01-24 17:09:49,666 INFO Watching for file changes with StatReloader 668
2024-01-24 17:10:16,898 INFO E:\TODO-PROJECT\todo_project\account\views.py changed, reloading. 266
2024-01-24 17:10:17,324 INFO Watching for file changes with StatReloader 668
2024-01-24 17:10:19,618 INFO E:\TODO-PROJECT\todo_project\account\views.py changed, reloading. 266
2024-01-24 17:10:20,140 INFO Watching for file changes with StatReloader 668
2024-01-24 17:10:25,548 INFO E:\TODO-PROJECT\todo_project\account\views.py changed, reloading. 266
2024-01-24 17:10:26,031 INFO Watching for file changes with StatReloader 668
2024-01-24 17:11:22,239 INFO E:\TODO-PROJECT\todo_project\account\views.py changed, reloading. 266
2024-01-24 17:11:22,694 INFO Watching for file changes with StatReloader 668
2024-01-24 17:11:27,063 INFO E:\TODO-PROJECT\todo_project\account\views.py changed, reloading. 266
2024-01-24 17:11:27,486 INFO Watching for file changes with StatReloader 668
2024-01-24 17:11:42,219 INFO E:\TODO-PROJECT\todo_project\account\views.py changed, reloading. 266
2024-01-24 17:11:42,671 INFO Watching for file changes with StatReloader 668
2024-01-24 17:11:44,963 INFO E:\TODO-PROJECT\todo_project\account\views.py changed, reloading. 266
2024-01-24 17:11:45,367 INFO Watching for file changes with StatReloader 668
2024-01-24 17:11:50,782 INFO E:\TODO-PROJECT\todo_project\account\views.py changed, reloading. 266
2024-01-24 17:11:51,227 INFO Watching for file changes with StatReloader 668
2024-01-24 17:12:00,948 INFO E:\TODO-PROJECT\todo_project\account\views.py changed, reloading. 266
2024-01-24 17:12:01,388 INFO Watching for file changes with StatReloader 668
2024-01-24 17:12:05,736 INFO E:\TODO-PROJECT\todo_project\account\views.py changed, reloading. 266
2024-01-24 17:12:06,198 INFO Watching for file changes with StatReloader 668
2024-01-24 17:12:35,679 INFO E:\TODO-PROJECT\todo_project\account\views.py changed, reloading. 266
2024-01-24 17:12:36,096 INFO Watching for file changes with StatReloader 668
2024-01-24 17:13:15,720 INFO E:\TODO-PROJECT\todo_project\account\views.py changed, reloading. 266
2024-01-24 17:13:16,163 INFO Watching for file changes with StatReloader 668
2024-01-24 17:16:51,121 INFO E:\TODO-PROJECT\todo_project\account\views.py changed, reloading. 266
2024-01-24 17:16:51,556 INFO Watching for file changes with StatReloader 668
2024-01-24 17:17:00,075 INFO E:\TODO-PROJECT\todo_project\account\views.py changed, reloading. 266
2024-01-24 17:17:00,522 INFO Watching for file changes with StatReloader 668
2024-01-24 17:17:43,249 INFO E:\TODO-PROJECT\todo_project\account\views.py changed, reloading. 266
2024-01-24 17:17:43,677 INFO Watching for file changes with StatReloader 668
2024-01-24 17:17:49,078 INFO E:\TODO-PROJECT\todo_project\account\views.py changed, reloading. 266
2024-01-24 17:17:49,516 INFO Watching for file changes with StatReloader 668
2024-01-24 17:17:54,926 INFO E:\TODO-PROJECT\todo_project\account\views.py changed, reloading. 266
2024-01-24 17:17:55,339 INFO Watching for file changes with StatReloader 668
2024-01-24 17:17:57,651 INFO E:\TODO-PROJECT\todo_project\account\views.py changed, reloading. 266
2024-01-24 17:17:58,157 INFO Watching for file changes with StatReloader 668
2024-01-24 17:18:17,057 INFO E:\TODO-PROJECT\todo_project\account\views.py changed, reloading. 266
2024-01-24 17:18:17,512 INFO Watching for file changes with StatReloader 668
2024-01-24 17:19:00,247 INFO E:\TODO-PROJECT\todo_project\account\views.py changed, reloading. 266
2024-01-24 17:19:00,687 INFO Watching for file changes with StatReloader 668
2024-01-24 17:19:04,018 INFO E:\TODO-PROJECT\todo_project\account\views.py changed, reloading. 266
2024-01-24 17:19:04,425 INFO Watching for file changes with StatReloader 668
2024-01-24 17:19:05,661 INFO E:\TODO-PROJECT\todo_project\account\views.py changed, reloading. 266
2024-01-24 17:19:06,083 INFO Watching for file changes with StatReloader 668
2024-01-24 17:19:08,353 INFO E:\TODO-PROJECT\todo_project\account\views.py changed, reloading. 266
2024-01-24 17:19:08,763 INFO Watching for file changes with StatReloader 668
2024-01-24 17:19:12,084 INFO E:\TODO-PROJECT\todo_project\account\views.py changed, reloading. 266
2024-01-24 17:19:12,499 INFO Watching for file changes with StatReloader 668
2024-01-24 17:20:07,661 INFO E:\TODO-PROJECT\todo_project\account\views.py changed, reloading. 266
2024-01-24 17:20:08,069 INFO Watching for file changes with StatReloader 668
2024-01-24 17:20:10,358 INFO E:\TODO-PROJECT\todo_project\account\views.py changed, reloading. 266
2024-01-24 17:20:10,807 INFO Watching for file changes with StatReloader 668
2024-01-24 17:20:13,097 INFO E:\TODO-PROJECT\todo_project\account\views.py changed, reloading. 266
2024-01-24 17:20:13,591 INFO Watching for file changes with StatReloader 668
2024-01-24 17:20:27,317 INFO E:\TODO-PROJECT\todo_project\account\views.py changed, reloading. 266
2024-01-24 17:20:27,828 INFO Watching for file changes with StatReloader 668
2024-01-24 17:20:44,635 INFO E:\TODO-PROJECT\todo_project\account\views.py changed, reloading. 266
2024-01-24 17:20:45,080 INFO Watching for file changes with StatReloader 668
2024-01-24 17:20:47,366 INFO E:\TODO-PROJECT\todo_project\account\views.py changed, reloading. 266
2024-01-24 17:20:47,812 INFO Watching for file changes with StatReloader 668
2024-01-24 17:20:52,167 INFO E:\TODO-PROJECT\todo_project\account\views.py changed, reloading. 266
2024-01-24 17:20:52,602 INFO Watching for file changes with StatReloader 668
2024-01-24 17:20:54,893 INFO E:\TODO-PROJECT\todo_project\account\views.py changed, reloading. 266
2024-01-24 17:20:55,350 INFO Watching for file changes with StatReloader 668
2024-01-24 17:21:04,893 INFO E:\TODO-PROJECT\todo_project\account\views.py changed, reloading. 266
2024-01-24 17:21:05,372 INFO Watching for file changes with StatReloader 668
2024-01-24 17:21:33,588 INFO E:\TODO-PROJECT\todo_project\account\views.py changed, reloading. 266
2024-01-24 17:21:34,074 INFO Watching for file changes with StatReloader 668
2024-01-24 17:21:54,003 INFO E:\TODO-PROJECT\todo_project\account\views.py changed, reloading. 266
2024-01-24 17:21:54,398 INFO Watching for file changes with StatReloader 668
2024-01-24 17:22:18,339 INFO Watching for file changes with StatReloader 668
2024-01-24 17:23:12,792 INFO E:\TODO-PROJECT\todo_project\account\urls.py changed, reloading. 266
2024-01-24 17:23:13,197 INFO Watching for file changes with StatReloader 668
2024-01-24 17:23:23,978 INFO E:\TODO-PROJECT\todo_project\account\urls.py changed, reloading. 266
2024-01-24 17:23:24,393 INFO Watching for file changes with StatReloader 668
2024-01-24 17:23:26,859 INFO E:\TODO-PROJECT\todo_project\account\urls.py changed, reloading. 266
2024-01-24 17:23:27,350 INFO Watching for file changes with StatReloader 668
2024-01-24 17:23:30,674 INFO E:\TODO-PROJECT\todo_project\account\urls.py changed, reloading. 266
2024-01-24 17:23:31,096 INFO Watching for file changes with StatReloader 668
2024-01-24 17:23:37,531 INFO E:\TODO-PROJECT\todo_project\account\urls.py changed, reloading. 266
2024-01-24 17:23:37,957 INFO Watching for file changes with StatReloader 668
2024-01-24 17:23:41,284 INFO E:\TODO-PROJECT\todo_project\account\urls.py changed, reloading. 266
2024-01-24 17:23:41,693 INFO Watching for file changes with StatReloader 668
2024-01-24 17:23:43,974 INFO E:\TODO-PROJECT\todo_project\account\urls.py changed, reloading. 266
2024-01-24 17:23:44,403 INFO Watching for file changes with StatReloader 668
2024-01-24 17:23:51,871 INFO E:\TODO-PROJECT\todo_project\account\urls.py changed, reloading. 266
2024-01-24 17:23:52,291 INFO Watching for file changes with StatReloader 668
2024-01-24 17:23:59,819 INFO E:\TODO-PROJECT\todo_project\account\urls.py changed, reloading. 266
2024-01-24 17:24:00,254 INFO Watching for file changes with StatReloader 668
2024-01-24 17:24:11,899 INFO E:\TODO-PROJECT\todo_project\account\urls.py changed, reloading. 266
2024-01-24 17:24:12,329 INFO Watching for file changes with StatReloader 668
2024-01-24 17:24:46,756 INFO E:\TODO-PROJECT\todo_project\account\urls.py changed, reloading. 266
2024-01-24 17:24:47,188 INFO Watching for file changes with StatReloader 668
2024-01-24 17:24:55,711 INFO E:\TODO-PROJECT\todo_project\account\urls.py changed, reloading. 266
2024-01-24 17:24:56,142 INFO Watching for file changes with StatReloader 668
2024-01-24 17:24:57,390 INFO E:\TODO-PROJECT\todo_project\account\urls.py changed, reloading. 266
2024-01-24 17:24:57,797 INFO Watching for file changes with StatReloader 668
2024-01-24 17:25:00,103 INFO E:\TODO-PROJECT\todo_project\account\urls.py changed, reloading. 266
2024-01-24 17:25:00,535 INFO Watching for file changes with StatReloader 668
2024-01-24 17:25:32,888 INFO E:\TODO-PROJECT\todo_project\account\urls.py changed, reloading. 266
2024-01-24 17:25:33,346 INFO Watching for file changes with StatReloader 668
2024-01-24 17:25:43,292 INFO Watching for file changes with StatReloader 668
2024-01-24 17:26:30,230 INFO "POST /verify/ HTTP/1.1" 200 90 212
2024-01-24 17:27:01,346 INFO "POST /verify/ HTTP/1.1" 200 66 212
2024-01-24 17:27:57,721 INFO "POST /verify/ HTTP/1.1" 200 53 212
2024-01-24 17:28:22,038 INFO "GET /admin/account/user/ HTTP/1.1" 200 8537 212
2024-01-24 17:28:22,194 INFO "GET /admin/jsi18n/ HTTP/1.1" 200 3343 212
2024-01-24 17:30:53,781 INFO E:\TODO-PROJECT\todo_project\account\views.py changed, reloading. 266
2024-01-24 17:30:54,318 INFO Watching for file changes with StatReloader 668
2024-01-24 17:31:03,047 INFO E:\TODO-PROJECT\todo_project\account\views.py changed, reloading. 266
2024-01-24 17:31:03,489 INFO Watching for file changes with StatReloader 668
2024-01-24 17:31:06,999 INFO E:\TODO-PROJECT\todo_project\account\views.py changed, reloading. 266
2024-01-24 17:31:07,465 INFO Watching for file changes with StatReloader 668
2024-01-24 17:31:17,204 INFO E:\TODO-PROJECT\todo_project\account\views.py changed, reloading. 266
2024-01-24 17:31:17,726 INFO Watching for file changes with StatReloader 668
2024-01-24 17:31:25,373 INFO E:\TODO-PROJECT\todo_project\account\views.py changed, reloading. 266
2024-01-24 17:31:25,914 INFO Watching for file changes with StatReloader 668
2024-01-24 17:31:29,440 INFO E:\TODO-PROJECT\todo_project\account\views.py changed, reloading. 266
2024-01-24 17:31:29,907 INFO Watching for file changes with StatReloader 668
2024-01-24 17:31:31,333 INFO E:\TODO-PROJECT\todo_project\account\views.py changed, reloading. 266
2024-01-24 17:31:31,862 INFO Watching for file changes with StatReloader 668
2024-01-24 17:31:35,380 INFO E:\TODO-PROJECT\todo_project\account\views.py changed, reloading. 266
2024-01-24 17:31:35,902 INFO Watching for file changes with StatReloader 668
2024-01-24 17:31:51,289 INFO "POST /verify/ HTTP/1.1" 200 53 212
2024-01-24 17:32:06,406 INFO "GET /admin/account/user/ HTTP/1.1" 200 8537 212
2024-01-24 17:32:06,447 INFO "GET /admin/jsi18n/ HTTP/1.1" 200 3343 212
2024-01-24 17:32:08,500 INFO "GET /admin/account/user/3/change/ HTTP/1.1" 200 19360 212
2024-01-24 17:32:08,548 INFO "GET /admin/jsi18n/ HTTP/1.1" 200 3343 212
2024-01-24 17:32:22,101 INFO "GET /admin/account/user/ HTTP/1.1" 200 8537 212
2024-01-24 17:35:48,163 WARNING Not Found: /admin/register/ 241
2024-01-24 17:35:48,163 WARNING "GET /admin/register/ HTTP/1.1" 404 4339 212
2024-01-24 17:36:04,454 WARNING Method Not Allowed: /register/ 241
2024-01-24 17:36:04,454 WARNING "GET /register/ HTTP/1.1" 405 10564 212
2024-01-24 17:36:07,328 WARNING Method Not Allowed: /register/ 241
2024-01-24 17:36:07,328 WARNING "GET /register/ HTTP/1.1" 405 10564 212
2024-01-24 17:36:32,707 WARNING Method Not Allowed: /verify/ 241
2024-01-24 17:36:32,707 WARNING "GET /verify/ HTTP/1.1" 405 10546 212
2024-01-24 17:37:42,430 INFO "POST /register/ HTTP/1.1" 200 144 212
2024-01-24 17:39:20,177 INFO "POST /register/ HTTP/1.1" 200 144 212
2024-01-24 17:39:48,912 INFO "POST /register/ HTTP/1.1" 200 144 212
2024-01-24 17:39:59,675 INFO "POST /register/ HTTP/1.1" 200 144 212
2024-01-24 17:40:15,805 INFO "POST /verify/ HTTP/1.1" 200 53 212
2024-01-24 17:40:26,379 WARNING Method Not Allowed: /verify/ 241
2024-01-24 17:40:26,379 WARNING "GET /verify/ HTTP/1.1" 405 10546 212
2024-01-24 17:40:27,056 WARNING Method Not Allowed: /verify/ 241
2024-01-24 17:40:27,056 WARNING "GET /verify/ HTTP/1.1" 405 10546 212
2024-01-24 17:40:27,770 WARNING Method Not Allowed: /verify/ 241
2024-01-24 17:40:27,770 WARNING "GET /verify/ HTTP/1.1" 405 10546 212
2024-01-24 17:40:27,977 WARNING Method Not Allowed: /verify/ 241
2024-01-24 17:40:27,977 WARNING "GET /verify/ HTTP/1.1" 405 10546 212
2024-01-24 17:40:38,943 INFO "GET /admin/ HTTP/1.1" 200 6092 212
2024-01-24 17:40:41,479 INFO "GET /admin/account/user/ HTTP/1.1" 200 8759 212
2024-01-24 17:40:41,528 INFO "GET /admin/jsi18n/ HTTP/1.1" 200 3343 212
2024-01-24 17:40:44,031 INFO "GET /admin/account/user/4/change/ HTTP/1.1" 200 19356 212
2024-01-24 17:40:44,188 INFO "GET /admin/jsi18n/ HTTP/1.1" 200 3343 212
